[ 2020-04-25T12:23:26+08:00 ] ::1 /tp/index.php/header.html
ERR: 无法加载模块:Header

[ 2020-04-25T12:23:26+08:00 ] ::1 /tp/index.php/footer.html
ERR: 无法加载模块:Footer

[ 2020-04-25T12:23:28+08:00 ] ::1 /tp/index.php/footer.html
ERR: 无法加载模块:Footer

[ 2020-04-25T12:23:28+08:00 ] ::1 /tp/index.php/header.html
ERR: 无法加载模块:Header

[ 2020-04-25T12:23:33+08:00 ] ::1 /tp/index.php/header.html
ERR: 无法加载模块:Header

[ 2020-04-25T12:23:33+08:00 ] ::1 /tp/index.php/footer.html
ERR: 无法加载模块:Footer

[ 2020-04-25T12:23:35+08:00 ] ::1 /tp/index.php/footer.html
ERR: 无法加载模块:Footer

[ 2020-04-25T12:23:35+08:00 ] ::1 /tp/index.php/header.html
ERR: 无法加载模块:Header

[ 2020-04-25T12:23:37+08:00 ] ::1 /tp/index.php/footer.html
ERR: 无法加载模块:Footer

[ 2020-04-25T12:23:37+08:00 ] ::1 /tp/index.php/header.html
ERR: 无法加载模块:Header

[ 2020-04-25T12:23:39+08:00 ] ::1 /tp/index.php/footer.html
ERR: 无法加载模块:Footer

[ 2020-04-25T12:23:39+08:00 ] ::1 /tp/index.php/header.html
ERR: 无法加载模块:Header

[ 2020-04-25T12:23:46+08:00 ] ::1 /tp/index.php/header.html
ERR: 无法加载模块:Header

[ 2020-04-25T12:23:46+08:00 ] ::1 /tp/index.php/footer.html
ERR: 无法加载模块:Footer

[ 2020-04-25T12:23:48+08:00 ] ::1 /tp/index.php/footer.html
ERR: 无法加载模块:Footer

[ 2020-04-25T12:23:48+08:00 ] ::1 /tp/index.php/header.html
ERR: 无法加载模块:Header

[ 2020-04-25T12:23:52+08:00 ] ::1 /tp/index.php/footer.html
ERR: 无法加载模块:Footer

[ 2020-04-25T12:23:52+08:00 ] ::1 /tp/index.php/header.html
ERR: 无法加载模块:Header

[ 2020-04-25T12:23:53+08:00 ] ::1 /tp/index.php/footer.html
ERR: 无法加载模块:Footer

[ 2020-04-25T12:23:53+08:00 ] ::1 /tp/index.php/header.html
ERR: 无法加载模块:Header

[ 2020-04-25T12:25:06+08:00 ] ::1 /tp/index.php/header.html
ERR: 无法加载模块:Header

[ 2020-04-25T12:25:06+08:00 ] ::1 /tp/index.php/footer.html
ERR: 无法加载模块:Footer

[ 2020-04-25T12:25:25+08:00 ] ::1 /tp/index.php/footer.html
ERR: 无法加载模块:Footer

[ 2020-04-25T12:25:25+08:00 ] ::1 /tp/index.php/header.html
ERR: 无法加载模块:Header

[ 2020-04-25T12:27:42+08:00 ] ::1 /tp/index.php/header.html
ERR: 无法加载模块:Header

[ 2020-04-25T12:27:42+08:00 ] ::1 /tp/index.php/footer.html
ERR: 无法加载模块:Footer

[ 2020-04-25T12:29:09+08:00 ] ::1 /tp/index.php/header.html
ERR: 无法加载模块:Header

[ 2020-04-25T12:29:09+08:00 ] ::1 /tp/index.php/footer.html
ERR: 无法加载模块:Footer

[ 2020-04-25T12:40:06+08:00 ] ::1 /tp/index.php/header.html
ERR: 无法加载模块:Header

[ 2020-04-25T12:40:06+08:00 ] ::1 /tp/index.php/footer.html
ERR: 无法加载模块:Footer

[ 2020-04-25T12:41:08+08:00 ] ::1 /tp/index.php/header.html
ERR: 无法加载模块:Header

[ 2020-04-25T12:41:08+08:00 ] ::1 /tp/index.php/footer.html
ERR: 无法加载模块:Footer

[ 2020-04-25T12:44:39+08:00 ] ::1 /tp/index.php/header.html
ERR: 无法加载模块:Header

[ 2020-04-25T12:44:39+08:00 ] ::1 /tp/index.php/footer.html
ERR: 无法加载模块:Footer

[ 2020-04-25T12:46:19+08:00 ] ::1 /tp/index.php/header.html
ERR: 无法加载模块:Header

[ 2020-04-25T12:46:19+08:00 ] ::1 /tp/index.php/footer.html
ERR: 无法加载模块:Footer

[ 2020-04-25T12:46:48+08:00 ] ::1 /tp/index.php/header.html
ERR: 无法加载模块:Header

[ 2020-04-25T12:46:48+08:00 ] ::1 /tp/index.php/footer.html
ERR: 无法加载模块:Footer

[ 2020-04-25T12:46:59+08:00 ] ::1 /tp/index.php/header.html
ERR: 无法加载模块:Header

[ 2020-04-25T12:46:59+08:00 ] ::1 /tp/index.php/footer.html
ERR: 无法加载模块:Footer

[ 2020-04-25T12:47:06+08:00 ] ::1 /tp/index.php/header.html
ERR: 无法加载模块:Header

[ 2020-04-25T12:47:06+08:00 ] ::1 /tp/index.php/footer.html
ERR: 无法加载模块:Footer

[ 2020-04-25T12:47:10+08:00 ] ::1 /tp/index.php/footer.html
ERR: 无法加载模块:Footer

[ 2020-04-25T12:47:10+08:00 ] ::1 /tp/index.php/header.html
ERR: 无法加载模块:Header

[ 2020-04-25T12:47:12+08:00 ] ::1 /tp/index.php/header.html
ERR: 无法加载模块:Header

[ 2020-04-25T12:47:12+08:00 ] ::1 /tp/index.php/footer.html
ERR: 无法加载模块:Footer

[ 2020-04-25T12:47:13+08:00 ] ::1 /tp/index.php/footer.html
ERR: 无法加载模块:Footer

[ 2020-04-25T12:47:13+08:00 ] ::1 /tp/index.php/header.html
ERR: 无法加载模块:Header

[ 2020-04-25T12:47:15+08:00 ] ::1 /tp/index.php/footer.html
ERR: 无法加载模块:Footer

[ 2020-04-25T12:47:15+08:00 ] ::1 /tp/index.php/header.html
ERR: 无法加载模块:Header

[ 2020-04-25T12:48:16+08:00 ] ::1 /tp/index.php/header.html
ERR: 无法加载模块:Header

[ 2020-04-25T12:48:16+08:00 ] ::1 /tp/index.php/footer.html
ERR: 无法加载模块:Footer

[ 2020-04-25T12:48:18+08:00 ] ::1 /tp/index.php/footer.html
ERR: 无法加载模块:Footer

[ 2020-04-25T12:48:18+08:00 ] ::1 /tp/index.php/header.html
ERR: 无法加载模块:Header

[ 2020-04-25T12:48:20+08:00 ] ::1 /tp/index.php/header.html
ERR: 无法加载模块:Header

[ 2020-04-25T12:48:20+08:00 ] ::1 /tp/index.php/footer.html
ERR: 无法加载模块:Footer

[ 2020-04-25T12:57:44+08:00 ] ::1 /tp/index.php/header.html
ERR: 无法加载模块:Header

[ 2020-04-25T12:57:44+08:00 ] ::1 /tp/index.php/footer.html
ERR: 无法加载模块:Footer

[ 2020-04-25T13:02:03+08:00 ] ::1 /tp/index.php/header.html
ERR: 无法加载模块:Header

[ 2020-04-25T13:02:04+08:00 ] ::1 /tp/index.php/footer.html
ERR: 无法加载模块:Footer

[ 2020-04-25T13:04:50+08:00 ] ::1 /tp/index.php/header.html
ERR: 无法加载模块:Header

[ 2020-04-25T13:04:50+08:00 ] ::1 /tp/index.php/footer.html
ERR: 无法加载模块:Footer

[ 2020-04-25T13:05:24+08:00 ] ::1 /tp/index.php/header.html
ERR: 无法加载模块:Header

[ 2020-04-25T13:05:24+08:00 ] ::1 /tp/index.php/footer.html
ERR: 无法加载模块:Footer

[ 2020-04-25T13:06:23+08:00 ] ::1 /tp/index.php/header.html
ERR: 无法加载模块:Header

[ 2020-04-25T13:06:23+08:00 ] ::1 /tp/index.php/footer.html
ERR: 无法加载模块:Footer

[ 2020-04-25T13:21:50+08:00 ] ::1 /tp/index.php/header.html
ERR: 无法加载模块:Header

[ 2020-04-25T13:21:50+08:00 ] ::1 /tp/index.php/footer.html
ERR: 无法加载模块:Footer

[ 2020-04-25T13:34:42+08:00 ] ::1 /tp/index.php/header.html
ERR: 无法加载模块:Header

[ 2020-04-25T13:34:42+08:00 ] ::1 /tp/index.php/footer.html
ERR: 无法加载模块:Footer

[ 2020-04-25T13:41:36+08:00 ] ::1 /tp/index.php/header.html
ERR: 无法加载模块:Header

[ 2020-04-25T13:41:36+08:00 ] ::1 /tp/index.php/footer.html
ERR: 无法加载模块:Footer

[ 2020-04-25T13:43:14+08:00 ] ::1 /tp/index.php/header.html
ERR: 无法加载模块:Header

[ 2020-04-25T13:43:14+08:00 ] ::1 /tp/index.php/footer.html
ERR: 无法加载模块:Footer

[ 2020-04-25T17:13:01+08:00 ] ::1 /tp/index.php/footer.html
ERR: 无法加载模块:Footer

[ 2020-04-25T17:13:01+08:00 ] ::1 /tp/index.php/header.html
ERR: 无法加载模块:Header

[ 2020-04-25T17:13:53+08:00 ] ::1 /tp/index.php/header.html
ERR: 无法加载模块:Header

[ 2020-04-25T17:13:53+08:00 ] ::1 /tp/index.php/footer.html
ERR: 无法加载模块:Footer

[ 2020-04-25T17:14:58+08:00 ] ::1 /tp/index.php/footer.html
ERR: 无法加载模块:Footer

[ 2020-04-25T17:14:58+08:00 ] ::1 /tp/index.php/header.html
ERR: 无法加载模块:Header

[ 2020-04-25T17:35:25+08:00 ] ::1 /tp/index.php/footer.html
ERR: 无法加载模块:Footer

[ 2020-04-25T17:35:25+08:00 ] ::1 /tp/index.php/header.html
ERR: 无法加载模块:Header

[ 2020-04-25T17:36:42+08:00 ] ::1 /tp/index.php/header.html
ERR: 无法加载模块:Header

[ 2020-04-25T17:36:42+08:00 ] ::1 /tp/index.php/footer.html
ERR: 无法加载模块:Footer

[ 2020-04-25T17:38:01+08:00 ] ::1 /tp/index.php/header.html
ERR: 无法加载模块:Header

[ 2020-04-25T17:38:01+08:00 ] ::1 /tp/index.php/footer.html
ERR: 无法加载模块:Footer

[ 2020-04-25T17:45:24+08:00 ] ::1 /tp/index.php/header.html
ERR: 无法加载模块:Header

[ 2020-04-25T17:45:24+08:00 ] ::1 /tp/index.php/footer.html
ERR: 无法加载模块:Footer

[ 2020-04-25T17:47:51+08:00 ] ::1 /tp/index.php/header.html
ERR: 无法加载模块:Header

[ 2020-04-25T17:47:51+08:00 ] ::1 /tp/index.php/footer.html
ERR: 无法加载模块:Footer

[ 2020-04-25T17:48:06+08:00 ] ::1 /tp/index.php/header.html
ERR: 无法加载模块:Header

[ 2020-04-25T17:48:06+08:00 ] ::1 /tp/index.php/footer.html
ERR: 无法加载模块:Footer

[ 2020-04-25T17:48:26+08:00 ] ::1 /tp/index.php/header.html
ERR: 无法加载模块:Header

[ 2020-04-25T17:48:26+08:00 ] ::1 /tp/index.php/footer.html
ERR: 无法加载模块:Footer

[ 2020-04-25T17:49:21+08:00 ] ::1 /tp/index.php/header.html
ERR: 无法加载模块:Header

[ 2020-04-25T17:49:21+08:00 ] ::1 /tp/index.php/footer.html
ERR: 无法加载模块:Footer

[ 2020-04-25T18:27:38+08:00 ] ::1 /tp/index.php/Index/index.html
ERR: 无法加载模块:Index

[ 2020-04-25T18:28:35+08:00 ] ::1 /tp/index.php/Index/index.html
ERR: 无法加载模块:Index

[ 2020-04-25T18:28:41+08:00 ] ::1 /tp/index.php/Index/index.html
ERR: 无法加载模块:Index

