[ 2020-04-24T12:05:35+08:00 ] ::1 /tp/index.php/Model/js/headerandfooter.js
ERR: 无法加载模块:Model

[ 2020-04-24T12:05:35+08:00 ] ::1 /tp/index.php/Model/js/jquery.js
ERR: 无法加载模块:Model

[ 2020-04-24T12:05:35+08:00 ] ::1 /tp/index.php/Model/js/headerandfooter.js
ERR: 无法加载模块:Model

[ 2020-04-24T12:05:37+08:00 ] ::1 /tp/index.php/Model/js/headerandfooter.js
ERR: 无法加载模块:Model

[ 2020-04-24T12:05:37+08:00 ] ::1 /tp/index.php/Model/js/jquery.js
ERR: 无法加载模块:Model

[ 2020-04-24T12:05:37+08:00 ] ::1 /tp/index.php/Model/js/headerandfooter.js
ERR: 无法加载模块:Model

[ 2020-04-24T12:06:51+08:00 ] ::1 /tp/index.php/Model/img/c1.jpg
ERR: 无法加载模块:Model

[ 2020-04-24T12:06:51+08:00 ] ::1 /tp/index.php/Model/img/c2.png
ERR: 无法加载模块:Model

[ 2020-04-24T12:06:51+08:00 ] ::1 /tp/index.php/Model/js/jquery.js
ERR: 无法加载模块:Model

[ 2020-04-24T12:06:51+08:00 ] ::1 /tp/index.php/Model/js/headerandfooter.js
ERR: 无法加载模块:Model

[ 2020-04-24T12:06:51+08:00 ] ::1 /tp/index.php/Model/img/c3.jpg
ERR: 无法加载模块:Model

[ 2020-04-24T12:06:51+08:00 ] ::1 /tp/index.php/Model/img/c4.jpg
ERR: 无法加载模块:Model

[ 2020-04-24T12:06:52+08:00 ] ::1 /tp/index.php/Model/img/c1.jpg
ERR: 无法加载模块:Model

[ 2020-04-24T12:06:52+08:00 ] ::1 /tp/index.php/Model/img/c2.png
ERR: 无法加载模块:Model

[ 2020-04-24T12:06:52+08:00 ] ::1 /tp/index.php/Model/js/headerandfooter.js
ERR: 无法加载模块:Model

[ 2020-04-24T12:06:52+08:00 ] ::1 /tp/index.php/Model/js/jquery.js
ERR: 无法加载模块:Model

[ 2020-04-24T12:06:53+08:00 ] ::1 /tp/index.php/Model/img/c4.jpg
ERR: 无法加载模块:Model

[ 2020-04-24T12:06:53+08:00 ] ::1 /tp/index.php/Model/img/c3.jpg
ERR: 无法加载模块:Model

[ 2020-04-24T12:06:53+08:00 ] ::1 /tp/index.php/Model/js/headerandfooter.js
ERR: 无法加载模块:Model

[ 2020-04-24T12:06:58+08:00 ] ::1 /tp/index.php/Model/js/jquery.js
ERR: 无法加载模块:Model

[ 2020-04-24T12:06:58+08:00 ] ::1 /tp/index.php/Model/img/c2.png
ERR: 无法加载模块:Model

[ 2020-04-24T12:06:58+08:00 ] ::1 /tp/index.php/Model/img/c1.jpg
ERR: 无法加载模块:Model

[ 2020-04-24T12:06:58+08:00 ] ::1 /tp/index.php/Model/js/headerandfooter.js
ERR: 无法加载模块:Model

[ 2020-04-24T12:06:58+08:00 ] ::1 /tp/index.php/Model/img/c3.jpg
ERR: 无法加载模块:Model

[ 2020-04-24T12:06:58+08:00 ] ::1 /tp/index.php/Model/img/c4.jpg
ERR: 无法加载模块:Model

[ 2020-04-24T12:06:59+08:00 ] ::1 /tp/index.php/Model/img/c1.jpg
ERR: 无法加载模块:Model

[ 2020-04-24T12:06:59+08:00 ] ::1 /tp/index.php/Model/js/jquery.js
ERR: 无法加载模块:Model

[ 2020-04-24T12:06:59+08:00 ] ::1 /tp/index.php/Model/img/c2.png
ERR: 无法加载模块:Model

[ 2020-04-24T12:06:59+08:00 ] ::1 /tp/index.php/Model/js/headerandfooter.js
ERR: 无法加载模块:Model

[ 2020-04-24T12:06:59+08:00 ] ::1 /tp/index.php/Model/img/c3.jpg
ERR: 无法加载模块:Model

[ 2020-04-24T12:06:59+08:00 ] ::1 /tp/index.php/Model/img/c4.jpg
ERR: 无法加载模块:Model

[ 2020-04-24T12:07:00+08:00 ] ::1 /tp/index.php/Model/js/headerandfooter.js
ERR: 无法加载模块:Model

[ 2020-04-24T12:07:00+08:00 ] ::1 /tp/index.php/Model/img/c1.jpg
ERR: 无法加载模块:Model

[ 2020-04-24T12:07:00+08:00 ] ::1 /tp/index.php/Model/img/c2.png
ERR: 无法加载模块:Model

[ 2020-04-24T12:07:00+08:00 ] ::1 /tp/index.php/Model/js/jquery.js
ERR: 无法加载模块:Model

[ 2020-04-24T12:07:00+08:00 ] ::1 /tp/index.php/Model/img/c3.jpg
ERR: 无法加载模块:Model

[ 2020-04-24T12:07:00+08:00 ] ::1 /tp/index.php/Model/img/c4.jpg
ERR: 无法加载模块:Model

[ 2020-04-24T12:07:00+08:00 ] ::1 /tp/index.php/Model/js/headerandfooter.js
ERR: 无法加载模块:Model

[ 2020-04-24T14:08:30+08:00 ] ::1 /tp/index.php/header.html
ERR: 无法加载模块:Header

[ 2020-04-24T14:23:29+08:00 ] ::1 /tp/index.php/header.html
ERR: 无法加载模块:Header

[ 2020-04-24T14:23:29+08:00 ] ::1 /tp/index.php/footer.html
ERR: 无法加载模块:Footer

[ 2020-04-24T14:26:15+08:00 ] ::1 /tp/index.php/header.html
ERR: 无法加载模块:Header

[ 2020-04-24T14:26:15+08:00 ] ::1 /tp/index.php/footer.html
ERR: 无法加载模块:Footer

[ 2020-04-24T14:37:01+08:00 ] ::1 /tp/index.php/header.html
ERR: 无法加载模块:Header

[ 2020-04-24T14:37:01+08:00 ] ::1 /tp/index.php/footer.html
ERR: 无法加载模块:Footer

[ 2020-04-24T14:51:14+08:00 ] ::1 /tp/index.php/header.html
ERR: 无法加载模块:Header

[ 2020-04-24T14:51:14+08:00 ] ::1 /tp/index.php/footer.html
ERR: 无法加载模块:Footer

[ 2020-04-24T14:52:00+08:00 ] ::1 /tp/index.php/header.html
ERR: 无法加载模块:Header

[ 2020-04-24T14:52:00+08:00 ] ::1 /tp/index.php/footer.html
ERR: 无法加载模块:Footer

[ 2020-04-24T14:52:46+08:00 ] ::1 /tp/index.php/footer.html
ERR: 无法加载模块:Footer

[ 2020-04-24T14:52:46+08:00 ] ::1 /tp/index.php/header.html
ERR: 无法加载模块:Header

[ 2020-04-24T15:43:49+08:00 ] ::1 /tp/index.php/header.html
ERR: 无法加载模块:Header

[ 2020-04-24T15:43:50+08:00 ] ::1 /tp/index.php/footer.html
ERR: 无法加载模块:Footer

[ 2020-04-24T15:51:46+08:00 ] ::1 /tp/index.php/header.html
ERR: 无法加载模块:Header

[ 2020-04-24T15:51:46+08:00 ] ::1 /tp/index.php/footer.html
ERR: 无法加载模块:Footer

[ 2020-04-24T15:53:53+08:00 ] ::1 /tp/index.php/header.html
ERR: 无法加载模块:Header

[ 2020-04-24T15:53:53+08:00 ] ::1 /tp/index.php/footer.html
ERR: 无法加载模块:Footer

[ 2020-04-24T16:01:42+08:00 ] ::1 /tp/index.php/header.html
ERR: 无法加载模块:Header

[ 2020-04-24T16:01:42+08:00 ] ::1 /tp/index.php/footer.html
ERR: 无法加载模块:Footer

[ 2020-04-24T16:03:04+08:00 ] ::1 /tp/index.php/header.html
ERR: 无法加载模块:Header

[ 2020-04-24T16:03:04+08:00 ] ::1 /tp/index.php/footer.html
ERR: 无法加载模块:Footer

[ 2020-04-24T16:14:49+08:00 ] ::1 /tp/index.php/header.html
ERR: 无法加载模块:Header

[ 2020-04-24T16:14:49+08:00 ] ::1 /tp/index.php/footer.html
ERR: 无法加载模块:Footer

[ 2020-04-24T16:17:33+08:00 ] ::1 /tp/index.php/footer.html
ERR: 无法加载模块:Footer

[ 2020-04-24T16:17:33+08:00 ] ::1 /tp/index.php/header.html
ERR: 无法加载模块:Header

[ 2020-04-24T16:21:55+08:00 ] ::1 /tp/index.php/header.html
ERR: 无法加载模块:Header

[ 2020-04-24T16:21:55+08:00 ] ::1 /tp/index.php/footer.html
ERR: 无法加载模块:Footer

[ 2020-04-24T16:23:16+08:00 ] ::1 /tp/index.php/header.html
ERR: 无法加载模块:Header

[ 2020-04-24T16:23:16+08:00 ] ::1 /tp/index.php/footer.html
ERR: 无法加载模块:Footer

[ 2020-04-24T16:23:32+08:00 ] ::1 /tp/index.php/header.html
ERR: 无法加载模块:Header

[ 2020-04-24T16:23:32+08:00 ] ::1 /tp/index.php/footer.html
ERR: 无法加载模块:Footer

[ 2020-04-24T16:25:50+08:00 ] ::1 /tp/index.php/header.html
ERR: 无法加载模块:Header

[ 2020-04-24T16:25:50+08:00 ] ::1 /tp/index.php/footer.html
ERR: 无法加载模块:Footer

[ 2020-04-24T16:26:07+08:00 ] ::1 /tp/index.php/header.html
ERR: 无法加载模块:Header

[ 2020-04-24T16:26:07+08:00 ] ::1 /tp/index.php/footer.html
ERR: 无法加载模块:Footer

[ 2020-04-24T16:26:31+08:00 ] ::1 /tp/index.php/footer.html
ERR: 无法加载模块:Footer

[ 2020-04-24T16:26:31+08:00 ] ::1 /tp/index.php/header.html
ERR: 无法加载模块:Header

[ 2020-04-24T16:26:34+08:00 ] ::1 /tp/index.php/footer.html
ERR: 无法加载模块:Footer

[ 2020-04-24T16:26:34+08:00 ] ::1 /tp/index.php/header.html
ERR: 无法加载模块:Header

[ 2020-04-24T16:28:13+08:00 ] ::1 /tp/index.php/header.html
ERR: 无法加载模块:Header

[ 2020-04-24T16:28:13+08:00 ] ::1 /tp/index.php/footer.html
ERR: 无法加载模块:Footer

[ 2020-04-24T16:28:29+08:00 ] ::1 /tp/index.php/header.html
ERR: 无法加载模块:Header

[ 2020-04-24T16:28:29+08:00 ] ::1 /tp/index.php/footer.html
ERR: 无法加载模块:Footer

[ 2020-04-24T16:28:52+08:00 ] ::1 /tp/index.php/header.html
ERR: 无法加载模块:Header

[ 2020-04-24T16:28:52+08:00 ] ::1 /tp/index.php/footer.html
ERR: 无法加载模块:Footer

[ 2020-04-24T16:29:08+08:00 ] ::1 /tp/index.php/header.html
ERR: 无法加载模块:Header

[ 2020-04-24T16:29:08+08:00 ] ::1 /tp/index.php/footer.html
ERR: 无法加载模块:Footer

[ 2020-04-24T16:29:11+08:00 ] ::1 /tp/index.php/header.html
ERR: 无法加载模块:Header

[ 2020-04-24T16:29:11+08:00 ] ::1 /tp/index.php/footer.html
ERR: 无法加载模块:Footer

[ 2020-04-24T16:30:50+08:00 ] ::1 /tp/index.php/header.html
ERR: 无法加载模块:Header

[ 2020-04-24T16:30:50+08:00 ] ::1 /tp/index.php/footer.html
ERR: 无法加载模块:Footer

[ 2020-04-24T16:31:43+08:00 ] ::1 /tp/index.php/header.html
ERR: 无法加载模块:Header

[ 2020-04-24T16:31:43+08:00 ] ::1 /tp/index.php/footer.html
ERR: 无法加载模块:Footer

[ 2020-04-24T16:38:47+08:00 ] ::1 /tp/index.php/header.html
ERR: 无法加载模块:Header

[ 2020-04-24T16:38:47+08:00 ] ::1 /tp/index.php/footer.html
ERR: 无法加载模块:Footer

[ 2020-04-24T16:38:51+08:00 ] ::1 /tp/index.php/footer.html
ERR: 无法加载模块:Footer

[ 2020-04-24T16:38:51+08:00 ] ::1 /tp/index.php/header.html
ERR: 无法加载模块:Header

[ 2020-04-24T16:40:17+08:00 ] ::1 /tp/index.php/header.html
ERR: 无法加载模块:Header

[ 2020-04-24T16:40:17+08:00 ] ::1 /tp/index.php/footer.html
ERR: 无法加载模块:Footer

[ 2020-04-24T16:41:01+08:00 ] ::1 /tp/index.php/header.html
ERR: 无法加载模块:Header

[ 2020-04-24T16:41:01+08:00 ] ::1 /tp/index.php/footer.html
ERR: 无法加载模块:Footer

[ 2020-04-24T16:41:30+08:00 ] ::1 /tp/index.php/header.html
ERR: 无法加载模块:Header

[ 2020-04-24T16:41:30+08:00 ] ::1 /tp/index.php/footer.html
ERR: 无法加载模块:Footer

[ 2020-04-24T16:42:28+08:00 ] ::1 /tp/index.php/header.html
ERR: 无法加载模块:Header

[ 2020-04-24T16:42:28+08:00 ] ::1 /tp/index.php/footer.html
ERR: 无法加载模块:Footer

[ 2020-04-24T16:42:51+08:00 ] ::1 /tp/index.php/header.html
ERR: 无法加载模块:Header

[ 2020-04-24T16:42:51+08:00 ] ::1 /tp/index.php/footer.html
ERR: 无法加载模块:Footer

[ 2020-04-24T17:03:11+08:00 ] ::1 /tp/index.php/header.html
ERR: 无法加载模块:Header

[ 2020-04-24T17:03:11+08:00 ] ::1 /tp/index.php/footer.html
ERR: 无法加载模块:Footer

[ 2020-04-24T17:07:37+08:00 ] ::1 /tp/index.php/header.html
ERR: 无法加载模块:Header

[ 2020-04-24T17:07:37+08:00 ] ::1 /tp/index.php/footer.html
ERR: 无法加载模块:Footer

[ 2020-04-24T17:08:06+08:00 ] ::1 /tp/index.php/header.html
ERR: 无法加载模块:Header

[ 2020-04-24T17:08:06+08:00 ] ::1 /tp/index.php/footer.html
ERR: 无法加载模块:Footer

[ 2020-04-24T17:08:56+08:00 ] ::1 /tp/index.php/header.html
ERR: 无法加载模块:Header

[ 2020-04-24T17:08:56+08:00 ] ::1 /tp/index.php/footer.html
ERR: 无法加载模块:Footer

[ 2020-04-24T17:09:18+08:00 ] ::1 /tp/index.php/header.html
ERR: 无法加载模块:Header

[ 2020-04-24T17:09:18+08:00 ] ::1 /tp/index.php/footer.html
ERR: 无法加载模块:Footer

[ 2020-04-24T17:14:08+08:00 ] ::1 /tp/index.php/footer.html
ERR: 无法加载模块:Footer

[ 2020-04-24T17:14:08+08:00 ] ::1 /tp/index.php/header.html
ERR: 无法加载模块:Header

[ 2020-04-24T17:36:42+08:00 ] ::1 /tp/index.php/header.html
ERR: 无法加载模块:Header

[ 2020-04-24T17:36:42+08:00 ] ::1 /tp/index.php/footer.html
ERR: 无法加载模块:Footer

[ 2020-04-24T17:42:34+08:00 ] ::1 /tp/index.php/header.html
ERR: 无法加载模块:Header

[ 2020-04-24T17:42:34+08:00 ] ::1 /tp/index.php/footer.html
ERR: 无法加载模块:Footer

[ 2020-04-24T17:45:27+08:00 ] ::1 /tp/index.php/header.html
ERR: 无法加载模块:Header

[ 2020-04-24T17:45:27+08:00 ] ::1 /tp/index.php/footer.html
ERR: 无法加载模块:Footer

[ 2020-04-24T17:47:30+08:00 ] ::1 /tp/index.php/header.html
ERR: 无法加载模块:Header

[ 2020-04-24T17:47:30+08:00 ] ::1 /tp/index.php/footer.html
ERR: 无法加载模块:Footer

[ 2020-04-24T17:54:04+08:00 ] ::1 /tp/index.php/header.html
ERR: 无法加载模块:Header

[ 2020-04-24T17:54:04+08:00 ] ::1 /tp/index.php/footer.html
ERR: 无法加载模块:Footer

[ 2020-04-24T17:54:27+08:00 ] ::1 /tp/index.php/header.html
ERR: 无法加载模块:Header

[ 2020-04-24T17:54:27+08:00 ] ::1 /tp/index.php/footer.html
ERR: 无法加载模块:Footer

[ 2020-04-24T17:54:56+08:00 ] ::1 /tp/index.php/header.html
ERR: 无法加载模块:Header

[ 2020-04-24T17:54:56+08:00 ] ::1 /tp/index.php/footer.html
ERR: 无法加载模块:Footer

[ 2020-04-24T17:55:46+08:00 ] ::1 /tp/index.php/footer.html
ERR: 无法加载模块:Footer

[ 2020-04-24T17:55:46+08:00 ] ::1 /tp/index.php/header.html
ERR: 无法加载模块:Header

[ 2020-04-24T19:13:18+08:00 ] ::1 /tp/index.php/header.html
ERR: 无法加载模块:Header

[ 2020-04-24T19:13:18+08:00 ] ::1 /tp/index.php/footer.html
ERR: 无法加载模块:Footer

[ 2020-04-24T19:13:23+08:00 ] ::1 /tp/index.php/header.html
ERR: 无法加载模块:Header

[ 2020-04-24T19:13:23+08:00 ] ::1 /tp/index.php/footer.html
ERR: 无法加载模块:Footer

[ 2020-04-24T19:13:31+08:00 ] ::1 /tp/index.php/header.html
ERR: 无法加载模块:Header

[ 2020-04-24T19:13:31+08:00 ] ::1 /tp/index.php/footer.html
ERR: 无法加载模块:Footer

[ 2020-04-24T19:13:42+08:00 ] ::1 /tp/index.php/header.html
ERR: 无法加载模块:Header

[ 2020-04-24T19:13:42+08:00 ] ::1 /tp/index.php/footer.html
ERR: 无法加载模块:Footer

[ 2020-04-24T19:13:51+08:00 ] ::1 /tp/index.php/header.html
ERR: 无法加载模块:Header

[ 2020-04-24T19:13:51+08:00 ] ::1 /tp/index.php/footer.html
ERR: 无法加载模块:Footer

[ 2020-04-24T19:14:40+08:00 ] ::1 /tp/index.php/footer.html
ERR: 无法加载模块:Footer

[ 2020-04-24T19:14:40+08:00 ] ::1 /tp/index.php/header.html
ERR: 无法加载模块:Header

[ 2020-04-24T19:14:46+08:00 ] ::1 /tp/index.php/header.html
ERR: 无法加载模块:Header

[ 2020-04-24T19:14:46+08:00 ] ::1 /tp/index.php/footer.html
ERR: 无法加载模块:Footer

[ 2020-04-24T19:15:12+08:00 ] ::1 /tp/index.php/header.html
ERR: 无法加载模块:Header

[ 2020-04-24T19:15:12+08:00 ] ::1 /tp/index.php/footer.html
ERR: 无法加载模块:Footer

[ 2020-04-24T19:15:40+08:00 ] ::1 /tp/index.php/header.html
ERR: 无法加载模块:Header

[ 2020-04-24T19:15:40+08:00 ] ::1 /tp/index.php/footer.html
ERR: 无法加载模块:Footer

[ 2020-04-24T19:15:44+08:00 ] ::1 /tp/index.php/header.html
ERR: 无法加载模块:Header

[ 2020-04-24T19:15:44+08:00 ] ::1 /tp/index.php/footer.html
ERR: 无法加载模块:Footer

[ 2020-04-24T19:15:55+08:00 ] ::1 /tp/index.php/header.html
ERR: 无法加载模块:Header

[ 2020-04-24T19:15:55+08:00 ] ::1 /tp/index.php/footer.html
ERR: 无法加载模块:Footer

[ 2020-04-24T19:17:32+08:00 ] ::1 /tp/index.php/header.html
ERR: 无法加载模块:Header

[ 2020-04-24T19:17:32+08:00 ] ::1 /tp/index.php/footer.html
ERR: 无法加载模块:Footer

[ 2020-04-24T19:17:35+08:00 ] ::1 /tp/index.php/footer.html
ERR: 无法加载模块:Footer

[ 2020-04-24T19:17:35+08:00 ] ::1 /tp/index.php/header.html
ERR: 无法加载模块:Header

[ 2020-04-24T19:17:36+08:00 ] ::1 /tp/index.php/header.html
ERR: 无法加载模块:Header

[ 2020-04-24T19:17:36+08:00 ] ::1 /tp/index.php/footer.html
ERR: 无法加载模块:Footer

[ 2020-04-24T19:17:38+08:00 ] ::1 /tp/index.php/footer.html
ERR: 无法加载模块:Footer

[ 2020-04-24T19:17:38+08:00 ] ::1 /tp/index.php/header.html
ERR: 无法加载模块:Header

[ 2020-04-24T19:17:39+08:00 ] ::1 /tp/index.php/footer.html
ERR: 无法加载模块:Footer

[ 2020-04-24T19:17:39+08:00 ] ::1 /tp/index.php/header.html
ERR: 无法加载模块:Header

[ 2020-04-24T19:17:57+08:00 ] ::1 /tp/index.php/header.html
ERR: 无法加载模块:Header

[ 2020-04-24T19:17:57+08:00 ] ::1 /tp/index.php/footer.html
ERR: 无法加载模块:Footer

[ 2020-04-24T19:17:58+08:00 ] ::1 /tp/index.php/footer.html
ERR: 无法加载模块:Footer

[ 2020-04-24T19:17:58+08:00 ] ::1 /tp/index.php/header.html
ERR: 无法加载模块:Header

[ 2020-04-24T19:17:59+08:00 ] ::1 /tp/index.php/header.html
ERR: 无法加载模块:Header

[ 2020-04-24T19:17:59+08:00 ] ::1 /tp/index.php/footer.html
ERR: 无法加载模块:Footer

[ 2020-04-24T19:18:00+08:00 ] ::1 /tp/index.php/footer.html
ERR: 无法加载模块:Footer

[ 2020-04-24T19:18:00+08:00 ] ::1 /tp/index.php/header.html
ERR: 无法加载模块:Header

[ 2020-04-24T19:18:01+08:00 ] ::1 /tp/index.php/footer.html
ERR: 无法加载模块:Footer

[ 2020-04-24T19:18:01+08:00 ] ::1 /tp/index.php/header.html
ERR: 无法加载模块:Header

[ 2020-04-24T19:18:02+08:00 ] ::1 /tp/index.php/header.html
ERR: 无法加载模块:Header

[ 2020-04-24T19:18:02+08:00 ] ::1 /tp/index.php/footer.html
ERR: 无法加载模块:Footer

[ 2020-04-24T19:18:03+08:00 ] ::1 /tp/index.php/footer.html
ERR: 无法加载模块:Footer

[ 2020-04-24T19:18:03+08:00 ] ::1 /tp/index.php/header.html
ERR: 无法加载模块:Header

[ 2020-04-24T19:18:04+08:00 ] ::1 /tp/index.php/footer.html
ERR: 无法加载模块:Footer

[ 2020-04-24T19:18:04+08:00 ] ::1 /tp/index.php/header.html
ERR: 无法加载模块:Header

[ 2020-04-24T19:18:05+08:00 ] ::1 /tp/index.php/header.html
ERR: 无法加载模块:Header

[ 2020-04-24T19:18:05+08:00 ] ::1 /tp/index.php/footer.html
ERR: 无法加载模块:Footer

[ 2020-04-24T19:18:05+08:00 ] ::1 /tp/index.php/header.html
ERR: 无法加载模块:Header

[ 2020-04-24T19:18:07+08:00 ] ::1 /tp/index.php/header.html
ERR: 无法加载模块:Header

[ 2020-04-24T19:18:07+08:00 ] ::1 /tp/index.php/footer.html
ERR: 无法加载模块:Footer

[ 2020-04-24T19:18:08+08:00 ] ::1 /tp/index.php/header.html
ERR: 无法加载模块:Header

[ 2020-04-24T19:18:08+08:00 ] ::1 /tp/index.php/footer.html
ERR: 无法加载模块:Footer

[ 2020-04-24T19:18:09+08:00 ] ::1 /tp/index.php/footer.html
ERR: 无法加载模块:Footer

[ 2020-04-24T19:18:09+08:00 ] ::1 /tp/index.php/header.html
ERR: 无法加载模块:Header

[ 2020-04-24T19:18:09+08:00 ] ::1 /tp/index.php/header.html
ERR: 无法加载模块:Header

[ 2020-04-24T19:18:09+08:00 ] ::1 /tp/index.php/footer.html
ERR: 无法加载模块:Footer

[ 2020-04-24T19:18:10+08:00 ] ::1 /tp/index.php/header.html
ERR: 无法加载模块:Header

[ 2020-04-24T19:18:10+08:00 ] ::1 /tp/index.php/footer.html
ERR: 无法加载模块:Footer

[ 2020-04-24T19:18:11+08:00 ] ::1 /tp/index.php/header.html
ERR: 无法加载模块:Header

[ 2020-04-24T19:18:11+08:00 ] ::1 /tp/index.php/footer.html
ERR: 无法加载模块:Footer

[ 2020-04-24T19:18:12+08:00 ] ::1 /tp/index.php/header.html
ERR: 无法加载模块:Header

[ 2020-04-24T19:18:12+08:00 ] ::1 /tp/index.php/footer.html
ERR: 无法加载模块:Footer

[ 2020-04-24T19:18:13+08:00 ] ::1 /tp/index.php/header.html
ERR: 无法加载模块:Header

[ 2020-04-24T19:18:13+08:00 ] ::1 /tp/index.php/footer.html
ERR: 无法加载模块:Footer

[ 2020-04-24T19:18:14+08:00 ] ::1 /tp/index.php/footer.html
ERR: 无法加载模块:Footer

[ 2020-04-24T19:18:14+08:00 ] ::1 /tp/index.php/header.html
ERR: 无法加载模块:Header

[ 2020-04-24T19:18:15+08:00 ] ::1 /tp/index.php/header.html
ERR: 无法加载模块:Header

[ 2020-04-24T19:18:15+08:00 ] ::1 /tp/index.php/footer.html
ERR: 无法加载模块:Footer

[ 2020-04-24T19:18:16+08:00 ] ::1 /tp/index.php/header.html
ERR: 无法加载模块:Header

[ 2020-04-24T19:18:16+08:00 ] ::1 /tp/index.php/footer.html
ERR: 无法加载模块:Footer

[ 2020-04-24T19:18:17+08:00 ] ::1 /tp/index.php/header.html
ERR: 无法加载模块:Header

[ 2020-04-24T19:18:17+08:00 ] ::1 /tp/index.php/footer.html
ERR: 无法加载模块:Footer

[ 2020-04-24T19:18:17+08:00 ] ::1 /tp/index.php/footer.html
ERR: 无法加载模块:Footer

[ 2020-04-24T19:18:17+08:00 ] ::1 /tp/index.php/header.html
ERR: 无法加载模块:Header

[ 2020-04-24T19:18:19+08:00 ] ::1 /tp/index.php/header.html
ERR: 无法加载模块:Header

[ 2020-04-24T19:18:19+08:00 ] ::1 /tp/index.php/footer.html
ERR: 无法加载模块:Footer

[ 2020-04-24T19:18:19+08:00 ] ::1 /tp/index.php/header.html
ERR: 无法加载模块:Header

[ 2020-04-24T19:18:20+08:00 ] ::1 /tp/index.php/footer.html
ERR: 无法加载模块:Footer

[ 2020-04-24T19:19:43+08:00 ] ::1 /tp/index.php/header.html
ERR: 无法加载模块:Header

[ 2020-04-24T19:19:43+08:00 ] ::1 /tp/index.php/footer.html
ERR: 无法加载模块:Footer

[ 2020-04-24T19:19:45+08:00 ] ::1 /tp/index.php/footer.html
ERR: 无法加载模块:Footer

[ 2020-04-24T19:19:45+08:00 ] ::1 /tp/index.php/header.html
ERR: 无法加载模块:Header

[ 2020-04-24T19:20:07+08:00 ] ::1 /tp/index.php/footer.html
ERR: 无法加载模块:Footer

[ 2020-04-24T19:20:07+08:00 ] ::1 /tp/index.php/header.html
ERR: 无法加载模块:Header

[ 2020-04-24T19:20:21+08:00 ] ::1 /tp/index.php/header.html
ERR: 无法加载模块:Header

[ 2020-04-24T19:20:21+08:00 ] ::1 /tp/index.php/footer.html
ERR: 无法加载模块:Footer

[ 2020-04-24T19:22:42+08:00 ] ::1 /tp/index.php/header.html
ERR: 无法加载模块:Header

[ 2020-04-24T19:22:42+08:00 ] ::1 /tp/index.php/footer.html
ERR: 无法加载模块:Footer

[ 2020-04-24T19:22:52+08:00 ] ::1 /tp/index.php/header.html
ERR: 无法加载模块:Header

[ 2020-04-24T19:22:52+08:00 ] ::1 /tp/index.php/footer.html
ERR: 无法加载模块:Footer

[ 2020-04-24T19:23:11+08:00 ] ::1 /tp/index.php/header.html
ERR: 无法加载模块:Header

[ 2020-04-24T19:23:11+08:00 ] ::1 /tp/index.php/footer.html
ERR: 无法加载模块:Footer

[ 2020-04-24T19:24:46+08:00 ] ::1 /tp/index.php/header.html
ERR: 无法加载模块:Header

[ 2020-04-24T19:24:46+08:00 ] ::1 /tp/index.php/footer.html
ERR: 无法加载模块:Footer

[ 2020-04-24T19:25:40+08:00 ] ::1 /tp/index.php/header.html
ERR: 无法加载模块:Header

[ 2020-04-24T19:25:40+08:00 ] ::1 /tp/index.php/footer.html
ERR: 无法加载模块:Footer

[ 2020-04-24T19:25:55+08:00 ] ::1 /tp/index.php/header.html
ERR: 无法加载模块:Header

[ 2020-04-24T19:25:55+08:00 ] ::1 /tp/index.php/footer.html
ERR: 无法加载模块:Footer

[ 2020-04-24T19:26:01+08:00 ] ::1 /tp/index.php/header.html
ERR: 无法加载模块:Header

[ 2020-04-24T19:26:01+08:00 ] ::1 /tp/index.php/footer.html
ERR: 无法加载模块:Footer

[ 2020-04-24T19:26:18+08:00 ] ::1 /tp/index.php/header.html
ERR: 无法加载模块:Header

[ 2020-04-24T19:26:18+08:00 ] ::1 /tp/index.php/footer.html
ERR: 无法加载模块:Footer

[ 2020-04-24T19:29:22+08:00 ] ::1 /tp/index.php/header.html
ERR: 无法加载模块:Header

[ 2020-04-24T19:29:22+08:00 ] ::1 /tp/index.php/footer.html
ERR: 无法加载模块:Footer

[ 2020-04-24T19:29:32+08:00 ] ::1 /tp/index.php/footer.html
ERR: 无法加载模块:Footer

[ 2020-04-24T19:29:32+08:00 ] ::1 /tp/index.php/header.html
ERR: 无法加载模块:Header

[ 2020-04-24T19:30:02+08:00 ] ::1 /tp/index.php/header.html
ERR: 无法加载模块:Header

[ 2020-04-24T19:30:02+08:00 ] ::1 /tp/index.php/footer.html
ERR: 无法加载模块:Footer

[ 2020-04-24T19:31:21+08:00 ] ::1 /tp/index.php/header.html
ERR: 无法加载模块:Header

[ 2020-04-24T19:31:21+08:00 ] ::1 /tp/index.php/footer.html
ERR: 无法加载模块:Footer

[ 2020-04-24T19:31:40+08:00 ] ::1 /tp/index.php/header.html
ERR: 无法加载模块:Header

[ 2020-04-24T19:31:40+08:00 ] ::1 /tp/index.php/footer.html
ERR: 无法加载模块:Footer

[ 2020-04-24T19:32:47+08:00 ] ::1 /tp/index.php/header.html
ERR: 无法加载模块:Header

[ 2020-04-24T19:32:47+08:00 ] ::1 /tp/index.php/footer.html
ERR: 无法加载模块:Footer

[ 2020-04-24T19:33:01+08:00 ] ::1 /tp/index.php/header.html
ERR: 无法加载模块:Header

[ 2020-04-24T19:33:01+08:00 ] ::1 /tp/index.php/footer.html
ERR: 无法加载模块:Footer

[ 2020-04-24T19:33:44+08:00 ] ::1 /tp/index.php/footer.html
ERR: 无法加载模块:Footer

[ 2020-04-24T19:33:44+08:00 ] ::1 /tp/index.php/header.html
ERR: 无法加载模块:Header

[ 2020-04-24T19:34:07+08:00 ] ::1 /tp/index.php/header.html
ERR: 无法加载模块:Header

[ 2020-04-24T19:34:07+08:00 ] ::1 /tp/index.php/footer.html
ERR: 无法加载模块:Footer

[ 2020-04-24T19:37:19+08:00 ] ::1 /tp/index.php/footer.html
ERR: 无法加载模块:Footer

[ 2020-04-24T19:37:19+08:00 ] ::1 /tp/index.php/header.html
ERR: 无法加载模块:Header

[ 2020-04-24T19:39:56+08:00 ] ::1 /tp/index.php/header.html
ERR: 无法加载模块:Header

[ 2020-04-24T19:39:56+08:00 ] ::1 /tp/index.php/footer.html
ERR: 无法加载模块:Footer

[ 2020-04-24T19:40:20+08:00 ] ::1 /tp/index.php/footer.html
ERR: 无法加载模块:Footer

[ 2020-04-24T19:40:20+08:00 ] ::1 /tp/index.php/header.html
ERR: 无法加载模块:Header

[ 2020-04-24T19:40:38+08:00 ] ::1 /tp/index.php/footer.html
ERR: 无法加载模块:Footer

[ 2020-04-24T19:40:38+08:00 ] ::1 /tp/index.php/header.html
ERR: 无法加载模块:Header

[ 2020-04-24T19:46:23+08:00 ] ::1 /tp/index.php/footer.html
ERR: 无法加载模块:Footer

[ 2020-04-24T19:46:24+08:00 ] ::1 /tp/index.php/header.html
ERR: 无法加载模块:Header

[ 2020-04-24T19:46:44+08:00 ] ::1 /tp/index.php/header.html
ERR: 无法加载模块:Header

[ 2020-04-24T19:46:44+08:00 ] ::1 /tp/index.php/footer.html
ERR: 无法加载模块:Footer

[ 2020-04-24T19:47:07+08:00 ] ::1 /tp/index.php/header.html
ERR: 无法加载模块:Header

[ 2020-04-24T19:47:07+08:00 ] ::1 /tp/index.php/footer.html
ERR: 无法加载模块:Footer

[ 2020-04-24T19:47:30+08:00 ] ::1 /tp/index.php/header.html
ERR: 无法加载模块:Header

[ 2020-04-24T19:47:30+08:00 ] ::1 /tp/index.php/footer.html
ERR: 无法加载模块:Footer

[ 2020-04-24T19:49:51+08:00 ] ::1 /tp/index.php/header.html
ERR: 无法加载模块:Header

[ 2020-04-24T19:49:51+08:00 ] ::1 /tp/index.php/footer.html
ERR: 无法加载模块:Footer

[ 2020-04-24T19:50:09+08:00 ] ::1 /tp/index.php/header.html
ERR: 无法加载模块:Header

[ 2020-04-24T19:50:09+08:00 ] ::1 /tp/index.php/footer.html
ERR: 无法加载模块:Footer

[ 2020-04-24T19:56:20+08:00 ] ::1 /tp/index.php/header.html
ERR: 无法加载模块:Header

[ 2020-04-24T19:56:20+08:00 ] ::1 /tp/index.php/footer.html
ERR: 无法加载模块:Footer

[ 2020-04-24T19:59:48+08:00 ] ::1 /tp/index.php/header.html
ERR: 无法加载模块:Header

[ 2020-04-24T19:59:48+08:00 ] ::1 /tp/index.php/footer.html
ERR: 无法加载模块:Footer

[ 2020-04-24T20:00:04+08:00 ] ::1 /tp/index.php/header.html
ERR: 无法加载模块:Header

[ 2020-04-24T20:00:04+08:00 ] ::1 /tp/index.php/footer.html
ERR: 无法加载模块:Footer

[ 2020-04-24T20:01:35+08:00 ] ::1 /tp/index.php/header.html
ERR: 无法加载模块:Header

[ 2020-04-24T20:01:35+08:00 ] ::1 /tp/index.php/footer.html
ERR: 无法加载模块:Footer

[ 2020-04-24T20:05:42+08:00 ] ::1 /tp/index.php/header.html
ERR: 无法加载模块:Header

[ 2020-04-24T20:05:42+08:00 ] ::1 /tp/index.php/footer.html
ERR: 无法加载模块:Footer

[ 2020-04-24T20:08:15+08:00 ] ::1 /tp/index.php/header.html
ERR: 无法加载模块:Header

[ 2020-04-24T20:08:15+08:00 ] ::1 /tp/index.php/footer.html
ERR: 无法加载模块:Footer

[ 2020-04-24T20:11:40+08:00 ] ::1 /tp/index.php/footer.html
ERR: 无法加载模块:Footer

[ 2020-04-24T20:11:40+08:00 ] ::1 /tp/index.php/header.html
ERR: 无法加载模块:Header

[ 2020-04-24T20:12:22+08:00 ] ::1 /tp/index.php/header.html
ERR: 无法加载模块:Header

[ 2020-04-24T20:12:22+08:00 ] ::1 /tp/index.php/footer.html
ERR: 无法加载模块:Footer

[ 2020-04-24T20:58:51+08:00 ] ::1 /tp/index.php/footer.html
ERR: 无法加载模块:Footer

[ 2020-04-24T20:58:51+08:00 ] ::1 /tp/index.php/header.html
ERR: 无法加载模块:Header

[ 2020-04-24T21:03:23+08:00 ] ::1 /tp/index.php/header.html
ERR: 无法加载模块:Header

[ 2020-04-24T21:03:24+08:00 ] ::1 /tp/index.php/footer.html
ERR: 无法加载模块:Footer

[ 2020-04-24T21:03:58+08:00 ] ::1 /tp/index.php/header.html
ERR: 无法加载模块:Header

[ 2020-04-24T21:03:58+08:00 ] ::1 /tp/index.php/footer.html
ERR: 无法加载模块:Footer

[ 2020-04-24T21:16:35+08:00 ] ::1 /tp/index.php/header.html
ERR: 无法加载模块:Header

[ 2020-04-24T21:16:35+08:00 ] ::1 /tp/index.php/footer.html
ERR: 无法加载模块:Footer

[ 2020-04-24T21:16:40+08:00 ] ::1 /tp/index.php/footer.html
ERR: 无法加载模块:Footer

[ 2020-04-24T21:16:40+08:00 ] ::1 /tp/index.php/header.html
ERR: 无法加载模块:Header

[ 2020-04-24T21:16:50+08:00 ] ::1 /tp/index.php/header.html
ERR: 无法加载模块:Header

[ 2020-04-24T21:16:50+08:00 ] ::1 /tp/index.php/footer.html
ERR: 无法加载模块:Footer

[ 2020-04-24T21:18:14+08:00 ] ::1 /tp/index.php/footer.html
ERR: 无法加载模块:Footer

[ 2020-04-24T21:18:14+08:00 ] ::1 /tp/index.php/header.html
ERR: 无法加载模块:Header

[ 2020-04-24T21:20:16+08:00 ] ::1 /tp/index.php/header.html
ERR: 无法加载模块:Header

[ 2020-04-24T21:20:16+08:00 ] ::1 /tp/index.php/footer.html
ERR: 无法加载模块:Footer

[ 2020-04-24T21:20:32+08:00 ] ::1 /tp/index.php/header.html
ERR: 无法加载模块:Header

[ 2020-04-24T21:20:32+08:00 ] ::1 /tp/index.php/footer.html
ERR: 无法加载模块:Footer

[ 2020-04-24T21:35:38+08:00 ] ::1 /tp/index.php/header.html
ERR: 无法加载模块:Header

[ 2020-04-24T21:35:38+08:00 ] ::1 /tp/index.php/footer.html
ERR: 无法加载模块:Footer

[ 2020-04-24T21:35:45+08:00 ] ::1 /tp/index.php/header.html
ERR: 无法加载模块:Header

[ 2020-04-24T21:35:45+08:00 ] ::1 /tp/index.php/footer.html
ERR: 无法加载模块:Footer

[ 2020-04-24T21:36:19+08:00 ] ::1 /tp/index.php/header.html
ERR: 无法加载模块:Header

[ 2020-04-24T21:36:19+08:00 ] ::1 /tp/index.php/footer.html
ERR: 无法加载模块:Footer

[ 2020-04-24T21:39:26+08:00 ] ::1 /tp/index.php/header.html
ERR: 无法加载模块:Header

[ 2020-04-24T21:39:26+08:00 ] ::1 /tp/index.php/footer.html
ERR: 无法加载模块:Footer

[ 2020-04-24T21:39:41+08:00 ] ::1 /tp/index.php/header.html
ERR: 无法加载模块:Header

[ 2020-04-24T21:39:41+08:00 ] ::1 /tp/index.php/footer.html
ERR: 无法加载模块:Footer

[ 2020-04-24T21:40:24+08:00 ] ::1 /tp/index.php/header.html
ERR: 无法加载模块:Header

[ 2020-04-24T21:40:24+08:00 ] ::1 /tp/index.php/footer.html
ERR: 无法加载模块:Footer

[ 2020-04-24T21:40:58+08:00 ] ::1 /tp/index.php/header.html
ERR: 无法加载模块:Header

[ 2020-04-24T21:40:58+08:00 ] ::1 /tp/index.php/footer.html
ERR: 无法加载模块:Footer

[ 2020-04-24T21:41:15+08:00 ] ::1 /tp/index.php/header.html
ERR: 无法加载模块:Header

[ 2020-04-24T21:41:15+08:00 ] ::1 /tp/index.php/footer.html
ERR: 无法加载模块:Footer

[ 2020-04-24T21:41:24+08:00 ] ::1 /tp/index.php/header.html
ERR: 无法加载模块:Header

[ 2020-04-24T21:41:24+08:00 ] ::1 /tp/index.php/footer.html
ERR: 无法加载模块:Footer

[ 2020-04-24T21:42:19+08:00 ] ::1 /tp/index.php/header.html
ERR: 无法加载模块:Header

[ 2020-04-24T21:42:19+08:00 ] ::1 /tp/index.php/footer.html
ERR: 无法加载模块:Footer

[ 2020-04-24T21:42:22+08:00 ] ::1 /tp/index.php/header.html
ERR: 无法加载模块:Header

[ 2020-04-24T21:42:22+08:00 ] ::1 /tp/index.php/footer.html
ERR: 无法加载模块:Footer

[ 2020-04-24T21:45:19+08:00 ] ::1 /tp/index.php/footer.html
ERR: 无法加载模块:Footer

[ 2020-04-24T21:45:19+08:00 ] ::1 /tp/index.php/header.html
ERR: 无法加载模块:Header

[ 2020-04-24T21:49:22+08:00 ] ::1 /tp/index.php/footer.html
ERR: 无法加载模块:Footer

[ 2020-04-24T21:49:22+08:00 ] ::1 /tp/index.php/header.html
ERR: 无法加载模块:Header

[ 2020-04-24T21:49:50+08:00 ] ::1 /tp/index.php/header.html
ERR: 无法加载模块:Header

[ 2020-04-24T21:49:50+08:00 ] ::1 /tp/index.php/footer.html
ERR: 无法加载模块:Footer

[ 2020-04-24T21:51:00+08:00 ] ::1 /tp/index.php/header.html
ERR: 无法加载模块:Header

[ 2020-04-24T21:51:00+08:00 ] ::1 /tp/index.php/footer.html
ERR: 无法加载模块:Footer

[ 2020-04-24T21:51:36+08:00 ] ::1 /tp/index.php/header.html
ERR: 无法加载模块:Header

[ 2020-04-24T21:51:36+08:00 ] ::1 /tp/index.php/footer.html
ERR: 无法加载模块:Footer

[ 2020-04-24T21:56:18+08:00 ] ::1 /tp/index.php/header.html
ERR: 无法加载模块:Header

[ 2020-04-24T21:56:18+08:00 ] ::1 /tp/index.php/footer.html
ERR: 无法加载模块:Footer

[ 2020-04-24T21:56:53+08:00 ] ::1 /tp/index.php/footer.html
ERR: 无法加载模块:Footer

[ 2020-04-24T21:56:53+08:00 ] ::1 /tp/index.php/header.html
ERR: 无法加载模块:Header

[ 2020-04-24T21:58:35+08:00 ] ::1 /tp/index.php/header.html
ERR: 无法加载模块:Header

[ 2020-04-24T21:58:35+08:00 ] ::1 /tp/index.php/footer.html
ERR: 无法加载模块:Footer

[ 2020-04-24T21:59:28+08:00 ] ::1 /tp/index.php/header.html
ERR: 无法加载模块:Header

[ 2020-04-24T21:59:28+08:00 ] ::1 /tp/index.php/footer.html
ERR: 无法加载模块:Footer

[ 2020-04-24T22:00:03+08:00 ] ::1 /tp/index.php/header.html
ERR: 无法加载模块:Header

[ 2020-04-24T22:00:03+08:00 ] ::1 /tp/index.php/footer.html
ERR: 无法加载模块:Footer

[ 2020-04-24T22:01:00+08:00 ] ::1 /tp/index.php/header.html
ERR: 无法加载模块:Header

[ 2020-04-24T22:01:00+08:00 ] ::1 /tp/index.php/footer.html
ERR: 无法加载模块:Footer

[ 2020-04-24T22:01:17+08:00 ] ::1 /tp/index.php/header.html
ERR: 无法加载模块:Header

[ 2020-04-24T22:01:17+08:00 ] ::1 /tp/index.php/footer.html
ERR: 无法加载模块:Footer

[ 2020-04-24T22:01:42+08:00 ] ::1 /tp/index.php/header.html
ERR: 无法加载模块:Header

[ 2020-04-24T22:01:42+08:00 ] ::1 /tp/index.php/footer.html
ERR: 无法加载模块:Footer

