[ 2020-05-01T00:41:37+08:00 ] ::1 /tp/index.php/Admin/Wares/None
ERR: 非法操作:None

[ 2020-05-01T00:49:56+08:00 ] ::1 /tp/index.php/Admin/Wares/None
ERR: 非法操作:None

[ 2020-05-01T00:49:59+08:00 ] ::1 /tp/index.php/Admin/Wares/None
ERR: 非法操作:None

[ 2020-05-01T00:50:06+08:00 ] ::1 /tp/index.php/Admin/Wares/None
ERR: 非法操作:None

[ 2020-05-01T02:03:02+08:00 ] ::1 /tp/index.php/Admin/Curd/addclass.html?class_name=undefined
INFO: [ app_begin ] --START--
INFO: Run Behavior\ReadHtmlCacheBehavior [ RunTime:0.006053s ]
INFO: [ app_begin ] --END-- [ RunTime:0.007195s ]
ERR: 无法加载控制器:Curd

[ 2020-05-01T02:03:37+08:00 ] ::1 /tp/index.php/Admin/Curd/addclass.html?class_name=undefined
INFO: [ app_begin ] --START--
INFO: Run Behavior\ReadHtmlCacheBehavior [ RunTime:0.001298s ]
INFO: [ app_begin ] --END-- [ RunTime:0.002009s ]
ERR: 无法加载控制器:Curd

[ 2020-05-01T02:04:46+08:00 ] ::1 /tp/index.php/Admin/Curd/addclass.html?class_name=undefined
INFO: [ app_begin ] --START--
INFO: Run Behavior\ReadHtmlCacheBehavior [ RunTime:0.000953s ]
INFO: [ app_begin ] --END-- [ RunTime:0.001472s ]
ERR: 无法加载控制器:Curd

[ 2020-05-01T02:08:25+08:00 ] ::1 /tp/index.php/Admin/Curd/addclass.html?class_name=undefined
INFO: [ app_begin ] --START--
INFO: Run Behavior\ReadHtmlCacheBehavior [ RunTime:0.000996s ]
INFO: [ app_begin ] --END-- [ RunTime:0.001453s ]
ERR: 无法加载控制器:Curd

[ 2020-05-01T02:08:34+08:00 ] ::1 /tp/index.php/Admin/Curd/addclass.html?class_name=undefined
INFO: [ app_begin ] --START--
INFO: Run Behavior\ReadHtmlCacheBehavior [ RunTime:0.000909s ]
INFO: [ app_begin ] --END-- [ RunTime:0.001577s ]
ERR: 无法加载控制器:Curd

[ 2020-05-01T02:08:47+08:00 ] ::1 /tp/index.php/Admin/Curd/addclass.html?class_name=undefined
INFO: [ app_begin ] --START--
INFO: Run Behavior\ReadHtmlCacheBehavior [ RunTime:0.000498s ]
INFO: [ app_begin ] --END-- [ RunTime:0.000972s ]
ERR: 无法加载控制器:Curd

[ 2020-05-01T02:10:36+08:00 ] ::1 /tp/index.php/Admin/Curd/addclass.html?class_name=%E6%B3%A5%E5%B7%B4
INFO: [ app_begin ] --START--
INFO: Run Behavior\ReadHtmlCacheBehavior [ RunTime:0.000697s ]
INFO: [ app_begin ] --END-- [ RunTime:0.001302s ]
ERR: 无法加载控制器:Curd

[ 2020-05-01T02:14:25+08:00 ] ::1 /tp/index.php/Admin/Curd/addclass.html?class_name=%E6%B3%A5%E5%B7%B4
INFO: [ app_begin ] --START--
INFO: Run Behavior\ReadHtmlCacheBehavior [ RunTime:0.000531s ]
INFO: [ app_begin ] --END-- [ RunTime:0.001030s ]
ERR: 无法加载控制器:Curd

[ 2020-05-01T02:16:29+08:00 ] ::1 /tp/index.php/Admin/Curd/addclass.html?class_name=%E6%B3%A5%E5%B7%B4
INFO: [ app_begin ] --START--
INFO: Run Behavior\ReadHtmlCacheBehavior [ RunTime:0.001133s ]
INFO: [ app_begin ] --END-- [ RunTime:0.001672s ]
ERR: 无法加载控制器:Curd

[ 2020-05-01T02:27:07+08:00 ] ::1 /tp/index.php/Admin/Curd/addclass.html
INFO: [ app_begin ] --START--
INFO: Run Behavior\ReadHtmlCacheBehavior [ RunTime:0.001037s ]
INFO: [ app_begin ] --END-- [ RunTime:0.001654s ]
ERR: 无法加载控制器:Curd

[ 2020-05-01T02:31:28+08:00 ] ::1 /tp/index.php/Admin/Curd/addclass.html
INFO: [ app_begin ] --START--
INFO: Run Behavior\ReadHtmlCacheBehavior [ RunTime:0.001300s ]
INFO: [ app_begin ] --END-- [ RunTime:0.001942s ]
ERR: 无法加载控制器:Curd

[ 2020-05-01T02:31:30+08:00 ] ::1 /tp/index.php/Admin/Curd/addclass.html
INFO: [ app_begin ] --START--
INFO: Run Behavior\ReadHtmlCacheBehavior [ RunTime:0.001265s ]
INFO: [ app_begin ] --END-- [ RunTime:0.002175s ]
ERR: 无法加载控制器:Curd

[ 2020-05-01T02:31:31+08:00 ] ::1 /tp/index.php/Admin/Curd/addclass.html
INFO: [ app_begin ] --START--
INFO: Run Behavior\ReadHtmlCacheBehavior [ RunTime:0.000958s ]
INFO: [ app_begin ] --END-- [ RunTime:0.001447s ]
ERR: 无法加载控制器:Curd

[ 2020-05-01T02:31:31+08:00 ] ::1 /tp/index.php/Admin/Curd/addclass.html
INFO: [ app_begin ] --START--
INFO: Run Behavior\ReadHtmlCacheBehavior [ RunTime:0.001061s ]
INFO: [ app_begin ] --END-- [ RunTime:0.001571s ]
ERR: 无法加载控制器:Curd

[ 2020-05-01T02:31:31+08:00 ] ::1 /tp/index.php/Admin/Curd/addclass.html
INFO: [ app_begin ] --START--
INFO: Run Behavior\ReadHtmlCacheBehavior [ RunTime:0.000994s ]
INFO: [ app_begin ] --END-- [ RunTime:0.001555s ]
ERR: 无法加载控制器:Curd

[ 2020-05-01T02:31:31+08:00 ] ::1 /tp/index.php/Admin/Curd/addclass.html
INFO: [ app_begin ] --START--
INFO: Run Behavior\ReadHtmlCacheBehavior [ RunTime:0.001080s ]
INFO: [ app_begin ] --END-- [ RunTime:0.001628s ]
ERR: 无法加载控制器:Curd

[ 2020-05-01T02:31:32+08:00 ] ::1 /tp/index.php/Admin/Curd/addclass.html
INFO: [ app_begin ] --START--
INFO: Run Behavior\ReadHtmlCacheBehavior [ RunTime:0.001894s ]
INFO: [ app_begin ] --END-- [ RunTime:0.002480s ]
ERR: 无法加载控制器:Curd

[ 2020-05-01T02:31:32+08:00 ] ::1 /tp/index.php/Admin/Curd/addclass.html
INFO: [ app_begin ] --START--
INFO: Run Behavior\ReadHtmlCacheBehavior [ RunTime:0.001019s ]
INFO: [ app_begin ] --END-- [ RunTime:0.001473s ]
ERR: 无法加载控制器:Curd

[ 2020-05-01T02:31:32+08:00 ] ::1 /tp/index.php/Admin/Curd/addclass.html
INFO: [ app_begin ] --START--
INFO: Run Behavior\ReadHtmlCacheBehavior [ RunTime:0.002396s ]
INFO: [ app_begin ] --END-- [ RunTime:0.003327s ]
ERR: 无法加载控制器:Curd

[ 2020-05-01T02:31:32+08:00 ] ::1 /tp/index.php/Admin/Curd/addclass.html
INFO: [ app_begin ] --START--
INFO: Run Behavior\ReadHtmlCacheBehavior [ RunTime:0.001043s ]
INFO: [ app_begin ] --END-- [ RunTime:0.001560s ]
ERR: 无法加载控制器:Curd

[ 2020-05-01T02:31:32+08:00 ] ::1 /tp/index.php/Admin/Curd/addclass.html
INFO: [ app_begin ] --START--
INFO: Run Behavior\ReadHtmlCacheBehavior [ RunTime:0.001021s ]
INFO: [ app_begin ] --END-- [ RunTime:0.001492s ]
ERR: 无法加载控制器:Curd

[ 2020-05-01T02:31:33+08:00 ] ::1 /tp/index.php/Admin/Curd/addclass.html
INFO: [ app_begin ] --START--
INFO: Run Behavior\ReadHtmlCacheBehavior [ RunTime:0.001150s ]
INFO: [ app_begin ] --END-- [ RunTime:0.001918s ]
ERR: 无法加载控制器:Curd

[ 2020-05-01T02:31:33+08:00 ] ::1 /tp/index.php/Admin/Curd/addclass.html
INFO: [ app_begin ] --START--
INFO: Run Behavior\ReadHtmlCacheBehavior [ RunTime:0.001055s ]
INFO: [ app_begin ] --END-- [ RunTime:0.002010s ]
ERR: 无法加载控制器:Curd

[ 2020-05-01T02:31:33+08:00 ] ::1 /tp/index.php/Admin/Curd/addclass.html
INFO: [ app_begin ] --START--
INFO: Run Behavior\ReadHtmlCacheBehavior [ RunTime:0.001002s ]
INFO: [ app_begin ] --END-- [ RunTime:0.001611s ]
ERR: 无法加载控制器:Curd

[ 2020-05-01T02:33:34+08:00 ] ::1 /tp/index.php/Admin/Crud/addclass
INFO: [ app_begin ] --START--
INFO: Run Behavior\ReadHtmlCacheBehavior [ RunTime:0.001016s ]
INFO: [ app_begin ] --END-- [ RunTime:0.001503s ]
ERR: Think\Controller:json方法不存在！

[ 2020-05-01T02:33:36+08:00 ] ::1 /tp/index.php/Admin/Crud/addclass
INFO: [ app_begin ] --START--
INFO: Run Behavior\ReadHtmlCacheBehavior [ RunTime:0.001621s ]
INFO: [ app_begin ] --END-- [ RunTime:0.002310s ]
ERR: Think\Controller:json方法不存在！

[ 2020-05-01T02:33:36+08:00 ] ::1 /tp/index.php/Admin/Crud/addclass
INFO: [ app_begin ] --START--
INFO: Run Behavior\ReadHtmlCacheBehavior [ RunTime:0.001022s ]
INFO: [ app_begin ] --END-- [ RunTime:0.001560s ]
ERR: Think\Controller:json方法不存在！

[ 2020-05-01T02:33:37+08:00 ] ::1 /tp/index.php/Admin/Crud/addclass
INFO: [ app_begin ] --START--
INFO: Run Behavior\ReadHtmlCacheBehavior [ RunTime:0.001663s ]
INFO: [ app_begin ] --END-- [ RunTime:0.002407s ]
ERR: Think\Controller:json方法不存在！

[ 2020-05-01T02:33:37+08:00 ] ::1 /tp/index.php/Admin/Crud/addclass
INFO: [ app_begin ] --START--
INFO: Run Behavior\ReadHtmlCacheBehavior [ RunTime:0.000984s ]
INFO: [ app_begin ] --END-- [ RunTime:0.001444s ]
ERR: Think\Controller:json方法不存在！

[ 2020-05-01T02:33:37+08:00 ] ::1 /tp/index.php/Admin/Crud/addclass
INFO: [ app_begin ] --START--
INFO: Run Behavior\ReadHtmlCacheBehavior [ RunTime:0.001049s ]
INFO: [ app_begin ] --END-- [ RunTime:0.001626s ]
ERR: Think\Controller:json方法不存在！

[ 2020-05-01T02:33:37+08:00 ] ::1 /tp/index.php/Admin/Crud/addclass
INFO: [ app_begin ] --START--
INFO: Run Behavior\ReadHtmlCacheBehavior [ RunTime:0.000981s ]
INFO: [ app_begin ] --END-- [ RunTime:0.001528s ]
ERR: Think\Controller:json方法不存在！

[ 2020-05-01T02:33:37+08:00 ] ::1 /tp/index.php/Admin/Crud/addclass
INFO: [ app_begin ] --START--
INFO: Run Behavior\ReadHtmlCacheBehavior [ RunTime:0.000986s ]
INFO: [ app_begin ] --END-- [ RunTime:0.001553s ]
ERR: Think\Controller:json方法不存在！

[ 2020-05-01T02:33:38+08:00 ] ::1 /tp/index.php/Admin/Crud/addclass
INFO: [ app_begin ] --START--
INFO: Run Behavior\ReadHtmlCacheBehavior [ RunTime:0.001001s ]
INFO: [ app_begin ] --END-- [ RunTime:0.001554s ]
ERR: Think\Controller:json方法不存在！

[ 2020-05-01T02:33:38+08:00 ] ::1 /tp/index.php/Admin/Crud/addclass
INFO: [ app_begin ] --START--
INFO: Run Behavior\ReadHtmlCacheBehavior [ RunTime:0.000977s ]
INFO: [ app_begin ] --END-- [ RunTime:0.001432s ]
ERR: Think\Controller:json方法不存在！

[ 2020-05-01T02:33:38+08:00 ] ::1 /tp/index.php/Admin/Crud/addclass
INFO: [ app_begin ] --START--
INFO: Run Behavior\ReadHtmlCacheBehavior [ RunTime:0.002023s ]
INFO: [ app_begin ] --END-- [ RunTime:0.003016s ]
ERR: Think\Controller:json方法不存在！

[ 2020-05-01T02:33:38+08:00 ] ::1 /tp/index.php/Admin/Crud/addclass
INFO: [ app_begin ] --START--
INFO: Run Behavior\ReadHtmlCacheBehavior [ RunTime:0.001157s ]
INFO: [ app_begin ] --END-- [ RunTime:0.001793s ]
ERR: Think\Controller:json方法不存在！

[ 2020-05-01T02:33:39+08:00 ] ::1 /tp/index.php/Admin/Crud/addclass
INFO: [ app_begin ] --START--
INFO: Run Behavior\ReadHtmlCacheBehavior [ RunTime:0.001155s ]
INFO: [ app_begin ] --END-- [ RunTime:0.001690s ]
ERR: Think\Controller:json方法不存在！

[ 2020-05-01T02:33:39+08:00 ] ::1 /tp/index.php/Admin/Crud/addclass
INFO: [ app_begin ] --START--
INFO: Run Behavior\ReadHtmlCacheBehavior [ RunTime:0.001601s ]
INFO: [ app_begin ] --END-- [ RunTime:0.002090s ]
ERR: Think\Controller:json方法不存在！

[ 2020-05-01T12:25:13+08:00 ] ::1 /tp/index.php/Admin/Wares/None
ERR: 非法操作:None

[ 2020-05-01T12:25:58+08:00 ] ::1 /tp/index.php/Admin/Wares/None
ERR: 非法操作:None

[ 2020-05-01T12:26:04+08:00 ] ::1 /tp/index.php/Admin/Wares/top/p/None
ERR: 1064:You have an error in your SQL syntax; check the manual that corresponds to your MySQL server version for the right syntax to use near '-10,10' at line 1
 [ SQL语句 ] : SELECT * FROM `wares` ORDER BY w_talk desc LIMIT -10,10  

[ 2020-05-01T12:26:10+08:00 ] ::1 /tp/index.php/Admin/Wares/top/p/None
ERR: 1064:You have an error in your SQL syntax; check the manual that corresponds to your MySQL server version for the right syntax to use near '-10,10' at line 1
 [ SQL语句 ] : SELECT * FROM `wares` ORDER BY w_talk desc LIMIT -10,10  

[ 2020-05-01T12:26:13+08:00 ] ::1 /tp/index.php/Admin/Wares/top/p/None
ERR: 1064:You have an error in your SQL syntax; check the manual that corresponds to your MySQL server version for the right syntax to use near '-10,10' at line 1
 [ SQL语句 ] : SELECT * FROM `wares` ORDER BY w_talk desc LIMIT -10,10  

[ 2020-05-01T13:37:45+08:00 ] ::1 /tp/index.php/Admin/Crud/addclass
INFO: [ app_begin ] --START--
INFO: Run Behavior\ReadHtmlCacheBehavior [ RunTime:0.001762s ]
INFO: [ app_begin ] --END-- [ RunTime:0.002938s ]
ERR: Think\Controller:json方法不存在！

[ 2020-05-01T13:41:56+08:00 ] ::1 /tp/index.php/Admin/Crud/addclass
INFO: [ app_begin ] --START--
INFO: Run Behavior\ReadHtmlCacheBehavior [ RunTime:0.001019s ]
INFO: [ app_begin ] --END-- [ RunTime:0.001528s ]
ERR: Think\Controller:json方法不存在！

[ 2020-05-01T13:41:56+08:00 ] ::1 /tp/index.php/Admin/Crud/addclass
INFO: [ app_begin ] --START--
INFO: Run Behavior\ReadHtmlCacheBehavior [ RunTime:0.001062s ]
INFO: [ app_begin ] --END-- [ RunTime:0.001628s ]
ERR: Think\Controller:json方法不存在！

[ 2020-05-01T13:41:56+08:00 ] ::1 /tp/index.php/Admin/Crud/addclass
INFO: [ app_begin ] --START--
INFO: Run Behavior\ReadHtmlCacheBehavior [ RunTime:0.001744s ]
INFO: [ app_begin ] --END-- [ RunTime:0.002526s ]
ERR: Think\Controller:json方法不存在！

[ 2020-05-01T13:56:00+08:00 ] ::1 /tp/index.php/Admin/Crud/addclass
INFO: [ app_begin ] --START--
INFO: Run Behavior\ReadHtmlCacheBehavior [ RunTime:0.002128s ]
INFO: [ app_begin ] --END-- [ RunTime:0.003098s ]
ERR: Think\Controller:json方法不存在！

[ 2020-05-01T13:56:56+08:00 ] ::1 /tp/index.php/Admin/Crud/addclass
INFO: [ app_begin ] --START--
INFO: Run Behavior\ReadHtmlCacheBehavior [ RunTime:0.001039s ]
INFO: [ app_begin ] --END-- [ RunTime:0.001577s ]
ERR: Think\Controller:json方法不存在！

[ 2020-05-01T13:59:58+08:00 ] ::1 /tp/index.php/Admin/Crud/addclass
INFO: [ app_begin ] --START--
INFO: Run Behavior\ReadHtmlCacheBehavior [ RunTime:0.002151s ]
INFO: [ app_begin ] --END-- [ RunTime:0.003491s ]
ERR: Think\Controller:json方法不存在！

[ 2020-05-01T14:02:19+08:00 ] ::1 /tp/index.php/Admin/Crud/addclass
INFO: [ app_begin ] --START--
INFO: Run Behavior\ReadHtmlCacheBehavior [ RunTime:0.002368s ]
INFO: [ app_begin ] --END-- [ RunTime:0.003114s ]
INFO: [ app_end ] --START--
INFO: Run Behavior\ShowPageTraceBehavior [ RunTime:0.002718s ]
INFO: [ app_end ] --END-- [ RunTime:0.003019s ]

[ 2020-05-01T14:03:53+08:00 ] ::1 /tp/index.php/Admin/Crud/addclass
INFO: [ app_begin ] --START--
INFO: Run Behavior\ReadHtmlCacheBehavior [ RunTime:0.002793s ]
INFO: [ app_begin ] --END-- [ RunTime:0.004066s ]
INFO: [ app_end ] --START--
INFO: Run Behavior\ShowPageTraceBehavior [ RunTime:0.001353s ]
INFO: [ app_end ] --END-- [ RunTime:0.001427s ]

[ 2020-05-01T14:06:01+08:00 ] ::1 /tp/index.php/Admin/Crud/addclass
INFO: [ app_begin ] --START--
INFO: Run Behavior\ReadHtmlCacheBehavior [ RunTime:0.001714s ]
INFO: [ app_begin ] --END-- [ RunTime:0.002603s ]
INFO: [ app_end ] --START--
INFO: Run Behavior\ShowPageTraceBehavior [ RunTime:0.001280s ]
INFO: [ app_end ] --END-- [ RunTime:0.001353s ]

[ 2020-05-01T14:11:52+08:00 ] ::1 /tp/index.php/Admin/Crud/addclass
INFO: [ app_begin ] --START--
INFO: Run Behavior\ReadHtmlCacheBehavior [ RunTime:0.002650s ]
INFO: [ app_begin ] --END-- [ RunTime:0.003765s ]
INFO: [ app_end ] --START--
INFO: Run Behavior\ShowPageTraceBehavior [ RunTime:0.002252s ]
INFO: [ app_end ] --END-- [ RunTime:0.002344s ]

[ 2020-05-01T14:16:16+08:00 ] ::1 /tp/index.php/Admin/Crud/addclass
INFO: [ app_begin ] --START--
INFO: Run Behavior\ReadHtmlCacheBehavior [ RunTime:0.002941s ]
INFO: [ app_begin ] --END-- [ RunTime:0.003689s ]
INFO: [ app_end ] --START--
INFO: Run Behavior\ShowPageTraceBehavior [ RunTime:0.001230s ]
INFO: [ app_end ] --END-- [ RunTime:0.001329s ]

[ 2020-05-01T14:16:50+08:00 ] ::1 /tp/index.php/Admin/Crud/addclass
INFO: [ app_begin ] --START--
INFO: Run Behavior\ReadHtmlCacheBehavior [ RunTime:0.002492s ]
INFO: [ app_begin ] --END-- [ RunTime:0.003324s ]
INFO: [ app_end ] --START--
INFO: Run Behavior\ShowPageTraceBehavior [ RunTime:0.002509s ]
INFO: [ app_end ] --END-- [ RunTime:0.002597s ]

[ 2020-05-01T14:17:13+08:00 ] ::1 /tp/index.php/Admin/Crud/addclass
INFO: [ app_begin ] --START--
INFO: Run Behavior\ReadHtmlCacheBehavior [ RunTime:0.002040s ]
INFO: [ app_begin ] --END-- [ RunTime:0.003100s ]
ERR: Think\Controller:json方法不存在！

[ 2020-05-01T14:34:32+08:00 ] ::1 /tp/index.php/Admin/Crud/addclass
INFO: [ app_begin ] --START--
INFO: Run Behavior\ReadHtmlCacheBehavior [ RunTime:0.002153s ]
INFO: [ app_begin ] --END-- [ RunTime:0.002798s ]
INFO: [ app_end ] --START--
INFO: Run Behavior\ShowPageTraceBehavior [ RunTime:0.001050s ]
INFO: [ app_end ] --END-- [ RunTime:0.001104s ]

[ 2020-05-01T15:02:53+08:00 ] ::1 /tp/index.php/Admin/Crud/addclass
INFO: [ app_begin ] --START--
INFO: Run Behavior\ReadHtmlCacheBehavior [ RunTime:0.002040s ]
INFO: [ app_begin ] --END-- [ RunTime:0.002760s ]
SQL: SHOW COLUMNS FROM `class` [ RunTime:0.0007s ]
SQL: INSERT INTO `class` (`class_name`) VALUES ('生活用品') [ RunTime:0.0008s ]
SQL: SELECT * FROM `class`  [ RunTime:0.0004s ]
ERR: Think\Controller:ReturnAjax方法不存在！

[ 2020-05-01T15:04:50+08:00 ] ::1 /tp/index.php/Admin/Crud/addclass
INFO: [ app_begin ] --START--
INFO: Run Behavior\ReadHtmlCacheBehavior [ RunTime:0.000945s ]
INFO: [ app_begin ] --END-- [ RunTime:0.001549s ]
SQL: SHOW COLUMNS FROM `class` [ RunTime:0.0010s ]
SQL: INSERT INTO `class` (`class_name`) VALUES ('生活工具') [ RunTime:0.0007s ]
SQL: SELECT * FROM `class`  [ RunTime:0.0003s ]
ERR: Think\Controller:ReturnAjax方法不存在！

[ 2020-05-01T15:05:32+08:00 ] ::1 /tp/index.php/Admin/Crud/addclass
INFO: [ app_begin ] --START--
INFO: Run Behavior\ReadHtmlCacheBehavior [ RunTime:0.001078s ]
INFO: [ app_begin ] --END-- [ RunTime:0.001623s ]
SQL: SHOW COLUMNS FROM `class` [ RunTime:0.0009s ]
SQL: INSERT INTO `class` (`class_name`) VALUES ('生活憨憨') [ RunTime:0.0007s ]
SQL: SELECT * FROM `class`  [ RunTime:0.0004s ]
ERR: Think\Controller:ReturnAjax方法不存在！

[ 2020-05-01T15:06:07+08:00 ] ::1 /tp/index.php/Admin/Crud/addclass
INFO: [ app_begin ] --START--
INFO: Run Behavior\ReadHtmlCacheBehavior [ RunTime:0.000918s ]
INFO: [ app_begin ] --END-- [ RunTime:0.001406s ]
SQL: SHOW COLUMNS FROM `class` [ RunTime:0.0008s ]
SQL: INSERT INTO `class` (`class_name`) VALUES ('生活用品') [ RunTime:0.0008s ]
SQL: SELECT * FROM `class`  [ RunTime:0.0003s ]
ERR: Think\Controller:ReturnAjax方法不存在！

[ 2020-05-01T15:07:53+08:00 ] ::1 /tp/index.php/Admin/Crud/addclass
INFO: [ app_begin ] --START--
INFO: Run Behavior\ReadHtmlCacheBehavior [ RunTime:0.001118s ]
INFO: [ app_begin ] --END-- [ RunTime:0.001583s ]
SQL: SHOW COLUMNS FROM `class` [ RunTime:0.0008s ]
SQL: INSERT INTO `class` (`class_name`) VALUES ('生活工具') [ RunTime:0.0007s ]
SQL: SELECT * FROM `class`  [ RunTime:0.0003s ]

[ 2020-05-01T15:08:09+08:00 ] ::1 /tp/index.php/Admin/Crud/addclass
INFO: [ app_begin ] --START--
INFO: Run Behavior\ReadHtmlCacheBehavior [ RunTime:0.000907s ]
INFO: [ app_begin ] --END-- [ RunTime:0.001363s ]
SQL: SHOW COLUMNS FROM `class` [ RunTime:0.0008s ]
SQL: INSERT INTO `class` (`class_name`) VALUES ('生活工具') [ RunTime:0.0008s ]
SQL: SELECT * FROM `class`  [ RunTime:0.0003s ]

[ 2020-05-01T15:08:25+08:00 ] ::1 /tp/index.php/Admin/Crud/addclass
INFO: [ app_begin ] --START--
INFO: Run Behavior\ReadHtmlCacheBehavior [ RunTime:0.000892s ]
INFO: [ app_begin ] --END-- [ RunTime:0.001392s ]
SQL: SHOW COLUMNS FROM `class` [ RunTime:0.0008s ]
SQL: INSERT INTO `class` (`class_name`) VALUES ('泥巴') [ RunTime:0.0007s ]
SQL: SELECT * FROM `class`  [ RunTime:0.0003s ]

[ 2020-05-01T15:19:02+08:00 ] ::1 /tp/index.php/Admin/Crud/addclass
INFO: [ app_begin ] --START--
INFO: Run Behavior\ReadHtmlCacheBehavior [ RunTime:0.001461s ]
INFO: [ app_begin ] --END-- [ RunTime:0.002293s ]
SQL: SHOW COLUMNS FROM `class` [ RunTime:0.0009s ]
SQL: INSERT INTO `class` (`class_name`) VALUES ('生活用品') [ RunTime:0.0007s ]
SQL: SELECT * FROM `class`  [ RunTime:0.0003s ]
NOTIC: [2] json_decode() expects parameter 1 to be string, array given E:\PHP\Apache\Apache24\htdocs\tp\Application\Admin\Controller\CrudController.class.php 第 414 行.
NOTIC: [4096] Object of class Admin\Controller\crudController could not be converted to string E:\PHP\Apache\Apache24\htdocs\tp\Application\Admin\Controller\CrudController.class.php 第 414 行.

[ 2020-05-01T15:19:32+08:00 ] ::1 /tp/index.php/Admin/Crud/addclass
INFO: [ app_begin ] --START--
INFO: Run Behavior\ReadHtmlCacheBehavior [ RunTime:0.000929s ]
INFO: [ app_begin ] --END-- [ RunTime:0.001406s ]
SQL: SHOW COLUMNS FROM `class` [ RunTime:0.0008s ]
SQL: INSERT INTO `class` (`class_name`) VALUES ('生活用品') [ RunTime:0.0009s ]
SQL: SELECT * FROM `class`  [ RunTime:0.0004s ]
NOTIC: [2] json_decode() expects parameter 1 to be string, array given E:\PHP\Apache\Apache24\htdocs\tp\Application\Admin\Controller\CrudController.class.php 第 414 行.
NOTIC: [4096] Object of class Admin\Controller\crudController could not be converted to string E:\PHP\Apache\Apache24\htdocs\tp\Application\Admin\Controller\CrudController.class.php 第 414 行.

[ 2020-05-01T15:21:04+08:00 ] ::1 /tp/index.php/Admin/Crud/addclass
INFO: [ app_begin ] --START--
INFO: Run Behavior\ReadHtmlCacheBehavior [ RunTime:0.001025s ]
INFO: [ app_begin ] --END-- [ RunTime:0.001707s ]
SQL: SHOW COLUMNS FROM `class` [ RunTime:0.0007s ]
SQL: INSERT INTO `class` (`class_name`) VALUES ('泥巴') [ RunTime:0.0008s ]
SQL: SELECT * FROM `class`  [ RunTime:0.0003s ]

[ 2020-05-01T15:22:59+08:00 ] ::1 /tp/index.php/Admin/Crud/addclass
INFO: [ app_begin ] --START--
INFO: Run Behavior\ReadHtmlCacheBehavior [ RunTime:0.000778s ]
INFO: [ app_begin ] --END-- [ RunTime:0.001395s ]
SQL: SHOW COLUMNS FROM `class` [ RunTime:0.0007s ]
SQL: INSERT INTO `class` (`class_name`) VALUES ('傻狗') [ RunTime:0.0007s ]
SQL: SELECT * FROM `class`  [ RunTime:0.0003s ]

[ 2020-05-01T15:24:03+08:00 ] ::1 /tp/index.php/Admin/Crud/addclass
INFO: [ app_begin ] --START--
INFO: Run Behavior\ReadHtmlCacheBehavior [ RunTime:0.000731s ]
INFO: [ app_begin ] --END-- [ RunTime:0.001109s ]
SQL: SHOW COLUMNS FROM `class` [ RunTime:0.0006s ]
SQL: INSERT INTO `class` (`class_name`) VALUES ('很爱很爱你') [ RunTime:0.0007s ]
SQL: SELECT * FROM `class`  [ RunTime:0.0003s ]

[ 2020-05-01T15:26:08+08:00 ] ::1 /tp/index.php/Admin/Crud/addclass
INFO: [ app_begin ] --START--
INFO: Run Behavior\ReadHtmlCacheBehavior [ RunTime:0.001070s ]
INFO: [ app_begin ] --END-- [ RunTime:0.001538s ]
SQL: SHOW COLUMNS FROM `class` [ RunTime:0.0009s ]
SQL: INSERT INTO `class` (`class_name`) VALUES ('泥巴') [ RunTime:0.0007s ]
SQL: SELECT * FROM `class` WHERE `class_name` = '泥巴' AND `class_id` = 16  [ RunTime:0.0008s ]

[ 2020-05-01T15:28:37+08:00 ] ::1 /tp/index.php/Admin/Crud/addclass
INFO: [ app_begin ] --START--
INFO: Run Behavior\ReadHtmlCacheBehavior [ RunTime:0.001103s ]
INFO: [ app_begin ] --END-- [ RunTime:0.001749s ]
SQL: SHOW COLUMNS FROM `class` [ RunTime:0.0007s ]
SQL: INSERT INTO `class` (`class_name`) VALUES ('生活用品') [ RunTime:0.0003s ]
SQL: SELECT * FROM `class` WHERE `class_name` = '生活用品' AND `class_id` = 17  [ RunTime:0.0003s ]

[ 2020-05-01T15:29:07+08:00 ] ::1 /tp/index.php/Admin/Crud/addclass
INFO: [ app_begin ] --START--
INFO: Run Behavior\ReadHtmlCacheBehavior [ RunTime:0.000943s ]
INFO: [ app_begin ] --END-- [ RunTime:0.001364s ]
SQL: SHOW COLUMNS FROM `class` [ RunTime:0.0006s ]
SQL: INSERT INTO `class` (`class_name`) VALUES ('生活用品') [ RunTime:0.0008s ]
SQL: SELECT * FROM `class` WHERE `class_name` = '生活用品' AND `class_id` = 18  [ RunTime:0.0003s ]

[ 2020-05-01T15:29:20+08:00 ] ::1 /tp/index.php/Admin/Crud/addclass
INFO: [ app_begin ] --START--
INFO: Run Behavior\ReadHtmlCacheBehavior [ RunTime:0.001293s ]
INFO: [ app_begin ] --END-- [ RunTime:0.001797s ]
SQL: SHOW COLUMNS FROM `class` [ RunTime:0.0009s ]
SQL: INSERT INTO `class` (`class_name`) VALUES ('泥巴') [ RunTime:0.0008s ]
SQL: SELECT * FROM `class` WHERE `class_name` = '泥巴' AND `class_id` = 19  [ RunTime:0.0004s ]

[ 2020-05-01T15:30:44+08:00 ] ::1 /tp/index.php/Admin/Crud/addclass
INFO: [ app_begin ] --START--
INFO: Run Behavior\ReadHtmlCacheBehavior [ RunTime:0.000922s ]
INFO: [ app_begin ] --END-- [ RunTime:0.001329s ]
SQL: SHOW COLUMNS FROM `class` [ RunTime:0.0007s ]
SQL: INSERT INTO `class` (`class_name`) VALUES ('泥巴') [ RunTime:0.0008s ]
SQL: SELECT * FROM `class` WHERE `class_name` = '泥巴' AND `class_id` = 20  [ RunTime:0.0004s ]

[ 2020-05-01T15:33:29+08:00 ] ::1 /tp/index.php/Admin/Crud/addclass
INFO: [ app_begin ] --START--
INFO: Run Behavior\ReadHtmlCacheBehavior [ RunTime:0.000997s ]
INFO: [ app_begin ] --END-- [ RunTime:0.001543s ]
SQL: SHOW COLUMNS FROM `class` [ RunTime:0.0010s ]
SQL: INSERT INTO `class` (`class_name`) VALUES ('泥巴') [ RunTime:0.0007s ]
SQL: SELECT * FROM `class` WHERE `class_name` = '泥巴' AND `class_id` = 21  [ RunTime:0.0005s ]

[ 2020-05-01T15:34:48+08:00 ] ::1 /tp/index.php/Admin/Crud/addclass
INFO: [ app_begin ] --START--
INFO: Run Behavior\ReadHtmlCacheBehavior [ RunTime:0.000681s ]
INFO: [ app_begin ] --END-- [ RunTime:0.001133s ]
SQL: SHOW COLUMNS FROM `class` [ RunTime:0.0008s ]
SQL: INSERT INTO `class` (`class_name`) VALUES ('泥巴') [ RunTime:0.0007s ]
SQL: SELECT * FROM `class` WHERE `class_name` = '泥巴' AND `class_id` = 22  [ RunTime:0.0004s ]

[ 2020-05-01T15:36:42+08:00 ] ::1 /tp/index.php/Admin/Crud/addclass
INFO: [ app_begin ] --START--
INFO: Run Behavior\ReadHtmlCacheBehavior [ RunTime:0.000724s ]
INFO: [ app_begin ] --END-- [ RunTime:0.001173s ]
SQL: SHOW COLUMNS FROM `class` [ RunTime:0.0006s ]
SQL: INSERT INTO `class` (`class_name`) VALUES ('生活') [ RunTime:0.0007s ]
SQL: SELECT * FROM `class` WHERE `class_name` = '生活' AND `class_id` = 23  [ RunTime:0.0003s ]

[ 2020-05-01T15:39:40+08:00 ] ::1 /tp/index.php/Admin/Crud/addclass
INFO: [ app_begin ] --START--
INFO: Run Behavior\ReadHtmlCacheBehavior [ RunTime:0.000745s ]
INFO: [ app_begin ] --END-- [ RunTime:0.001272s ]
SQL: SHOW COLUMNS FROM `class` [ RunTime:0.0009s ]
SQL: INSERT INTO `class` (`class_name`) VALUES ('生活') [ RunTime:0.0008s ]
SQL: SELECT * FROM `class` WHERE `class_name` = '生活' AND `class_id` = 24  [ RunTime:0.0004s ]

[ 2020-05-01T15:39:58+08:00 ] ::1 /tp/index.php/Admin/Crud/addclass
INFO: [ app_begin ] --START--
INFO: Run Behavior\ReadHtmlCacheBehavior [ RunTime:0.000749s ]
INFO: [ app_begin ] --END-- [ RunTime:0.001188s ]
SQL: SHOW COLUMNS FROM `class` [ RunTime:0.0007s ]
SQL: INSERT INTO `class` (`class_name`) VALUES ('生活') [ RunTime:0.0008s ]
SQL: SELECT * FROM `class` WHERE `class_name` = '生活' AND `class_id` = 25  [ RunTime:0.0003s ]

[ 2020-05-01T15:40:52+08:00 ] ::1 /tp/index.php/Admin/Crud/addclass
INFO: [ app_begin ] --START--
INFO: Run Behavior\ReadHtmlCacheBehavior [ RunTime:0.001173s ]
INFO: [ app_begin ] --END-- [ RunTime:0.001716s ]
SQL: SHOW COLUMNS FROM `class` [ RunTime:0.0008s ]
SQL: INSERT INTO `class` (`class_name`) VALUES ('生活') [ RunTime:0.0006s ]
SQL: SELECT * FROM `class` WHERE `class_name` = '生活' AND `class_id` = 26  [ RunTime:0.0004s ]

[ 2020-05-01T15:41:16+08:00 ] ::1 /tp/index.php/Admin/Crud/addclass
INFO: [ app_begin ] --START--
INFO: Run Behavior\ReadHtmlCacheBehavior [ RunTime:0.000854s ]
INFO: [ app_begin ] --END-- [ RunTime:0.001278s ]
SQL: SHOW COLUMNS FROM `class` [ RunTime:0.0007s ]
SQL: INSERT INTO `class` (`class_name`) VALUES ('生活') [ RunTime:0.0007s ]
SQL: SELECT * FROM `class` WHERE `class_name` = '生活' AND `class_id` = 27  [ RunTime:0.0003s ]

[ 2020-05-01T15:42:19+08:00 ] ::1 /tp/index.php/Admin/Crud/addclass
INFO: [ app_begin ] --START--
INFO: Run Behavior\ReadHtmlCacheBehavior [ RunTime:0.000794s ]
INFO: [ app_begin ] --END-- [ RunTime:0.001300s ]
SQL: SHOW COLUMNS FROM `class` [ RunTime:0.0007s ]
SQL: INSERT INTO `class` (`class_name`) VALUES ('生活') [ RunTime:0.0007s ]
SQL: SELECT * FROM `class` WHERE `class_name` = '生活' AND `class_id` = 28  [ RunTime:0.0003s ]

[ 2020-05-01T15:43:15+08:00 ] ::1 /tp/index.php/Admin/Crud/addclass
INFO: [ app_begin ] --START--
INFO: Run Behavior\ReadHtmlCacheBehavior [ RunTime:0.001408s ]
INFO: [ app_begin ] --END-- [ RunTime:0.002021s ]
SQL: SHOW COLUMNS FROM `class` [ RunTime:0.0008s ]
SQL: INSERT INTO `class` (`class_name`) VALUES ('泥巴') [ RunTime:0.0007s ]
SQL: SELECT * FROM `class` WHERE `class_name` = '泥巴' AND `class_id` = 29  [ RunTime:0.0003s ]

[ 2020-05-01T15:43:27+08:00 ] ::1 /tp/index.php/Admin/Crud/addclass
INFO: [ app_begin ] --START--
INFO: Run Behavior\ReadHtmlCacheBehavior [ RunTime:0.001525s ]
INFO: [ app_begin ] --END-- [ RunTime:0.002404s ]
SQL: SHOW COLUMNS FROM `class` [ RunTime:0.0007s ]
SQL: INSERT INTO `class` (`class_name`) VALUES ('沙拉') [ RunTime:0.0008s ]
SQL: SELECT * FROM `class` WHERE `class_name` = '沙拉' AND `class_id` = 30  [ RunTime:0.0004s ]

[ 2020-05-01T15:47:03+08:00 ] ::1 /tp/index.php/Admin/Crud/addclass
INFO: [ app_begin ] --START--
INFO: Run Behavior\ReadHtmlCacheBehavior [ RunTime:0.001408s ]
INFO: [ app_begin ] --END-- [ RunTime:0.002211s ]
SQL: SHOW COLUMNS FROM `class` [ RunTime:0.0008s ]
SQL: INSERT INTO `class` (`class_name`) VALUES ('哈哈') [ RunTime:0.0003s ]
SQL: SELECT * FROM `class`  [ RunTime:0.0003s ]

[ 2020-05-01T15:47:12+08:00 ] ::1 /tp/index.php/Admin/Crud/addclass
INFO: [ app_begin ] --START--
INFO: Run Behavior\ReadHtmlCacheBehavior [ RunTime:0.000847s ]
INFO: [ app_begin ] --END-- [ RunTime:0.001392s ]
SQL: SHOW COLUMNS FROM `class` [ RunTime:0.0008s ]
SQL: INSERT INTO `class` (`class_name`) VALUES ('哈哈') [ RunTime:0.0006s ]
SQL: SELECT * FROM `class`  [ RunTime:0.0003s ]

[ 2020-05-01T15:49:30+08:00 ] ::1 /tp/index.php/Admin/Crud/addclass
INFO: [ app_begin ] --START--
INFO: Run Behavior\ReadHtmlCacheBehavior [ RunTime:0.000866s ]
INFO: [ app_begin ] --END-- [ RunTime:0.001257s ]
SQL: SHOW COLUMNS FROM `class` [ RunTime:0.0007s ]
SQL: INSERT INTO `class` (`class_name`) VALUES ('泥巴') [ RunTime:0.0006s ]
SQL: SELECT * FROM `class`  [ RunTime:0.0002s ]

[ 2020-05-01T15:49:47+08:00 ] ::1 /tp/index.php/Admin/Crud/addclass
INFO: [ app_begin ] --START--
INFO: Run Behavior\ReadHtmlCacheBehavior [ RunTime:0.001814s ]
INFO: [ app_begin ] --END-- [ RunTime:0.002845s ]
SQL: SHOW COLUMNS FROM `class` [ RunTime:0.0007s ]
SQL: INSERT INTO `class` (`class_name`) VALUES ('泥巴') [ RunTime:0.0008s ]
SQL: SELECT * FROM `class`  [ RunTime:0.0004s ]

[ 2020-05-01T15:51:26+08:00 ] ::1 /tp/index.php/Admin/Crud/addclass
INFO: [ app_begin ] --START--
INFO: Run Behavior\ReadHtmlCacheBehavior [ RunTime:0.002661s ]
INFO: [ app_begin ] --END-- [ RunTime:0.003383s ]
SQL: SHOW COLUMNS FROM `class` [ RunTime:0.0006s ]
SQL: INSERT INTO `class` (`class_name`) VALUES ('泥巴') [ RunTime:0.0008s ]
SQL: SELECT * FROM `class`  [ RunTime:0.0003s ]

[ 2020-05-01T15:52:13+08:00 ] ::1 /tp/index.php/Admin/Crud/addclass
INFO: [ app_begin ] --START--
INFO: Run Behavior\ReadHtmlCacheBehavior [ RunTime:0.001163s ]
INFO: [ app_begin ] --END-- [ RunTime:0.001744s ]
SQL: SHOW COLUMNS FROM `class` [ RunTime:0.0006s ]
SQL: INSERT INTO `class` (`class_name`) VALUES ('泥巴') [ RunTime:0.0007s ]
SQL: SELECT * FROM `class`  [ RunTime:0.0003s ]

[ 2020-05-01T15:53:27+08:00 ] ::1 /tp/index.php/Admin/Crud/addclass
INFO: [ app_begin ] --START--
INFO: Run Behavior\ReadHtmlCacheBehavior [ RunTime:0.001026s ]
INFO: [ app_begin ] --END-- [ RunTime:0.002037s ]
SQL: SHOW COLUMNS FROM `class` [ RunTime:0.0006s ]
SQL: INSERT INTO `class` (`class_name`) VALUES ('哈哈') [ RunTime:0.0007s ]
SQL: SELECT * FROM `class`  [ RunTime:0.0003s ]

[ 2020-05-01T15:53:59+08:00 ] ::1 /tp/index.php/Admin/Crud/addclass
INFO: [ app_begin ] --START--
INFO: Run Behavior\ReadHtmlCacheBehavior [ RunTime:0.001080s ]
INFO: [ app_begin ] --END-- [ RunTime:0.001607s ]
SQL: SHOW COLUMNS FROM `class` [ RunTime:0.0007s ]
SQL: INSERT INTO `class` (`class_name`) VALUES ('呵呵') [ RunTime:0.0007s ]
SQL: SELECT * FROM `class`  [ RunTime:0.0004s ]

[ 2020-05-01T16:04:48+08:00 ] ::1 /tp/index.php/Admin/Crud/addclass
INFO: [ app_begin ] --START--
INFO: Run Behavior\ReadHtmlCacheBehavior [ RunTime:0.002716s ]
INFO: [ app_begin ] --END-- [ RunTime:0.004136s ]
SQL: SHOW COLUMNS FROM `class` [ RunTime:0.0012s ]
SQL: INSERT INTO `class` (`class_name`) VALUES ('呵呵') [ RunTime:0.0007s ]
SQL: SELECT * FROM `class` WHERE `class_id` = 39  [ RunTime:0.0004s ]

[ 2020-05-01T16:05:35+08:00 ] ::1 /tp/index.php/Admin/Crud/addclass
INFO: [ app_begin ] --START--
INFO: Run Behavior\ReadHtmlCacheBehavior [ RunTime:0.001472s ]
INFO: [ app_begin ] --END-- [ RunTime:0.002633s ]
SQL: SHOW COLUMNS FROM `class` [ RunTime:0.0007s ]
SQL: INSERT INTO `class` (`class_name`) VALUES ('泥巴') [ RunTime:0.0007s ]
SQL: SELECT * FROM `class` WHERE `class_id` = 40  [ RunTime:0.0004s ]

[ 2020-05-01T16:06:45+08:00 ] ::1 /tp/index.php/Admin/Crud/addclass
INFO: [ app_begin ] --START--
INFO: Run Behavior\ReadHtmlCacheBehavior [ RunTime:0.001113s ]
INFO: [ app_begin ] --END-- [ RunTime:0.001840s ]
SQL: SHOW COLUMNS FROM `class` [ RunTime:0.0009s ]
SQL: INSERT INTO `class` (`class_name`) VALUES ('泥巴') [ RunTime:0.0007s ]
SQL: SELECT * FROM `class` WHERE `class_id` = 41  [ RunTime:0.0005s ]

[ 2020-05-01T16:09:17+08:00 ] ::1 /tp/index.php/Admin/Crud/addclass
INFO: [ app_begin ] --START--
INFO: Run Behavior\ReadHtmlCacheBehavior [ RunTime:0.000847s ]
INFO: [ app_begin ] --END-- [ RunTime:0.001358s ]
SQL: SHOW COLUMNS FROM `class` [ RunTime:0.0010s ]
SQL: INSERT INTO `class` (`class_name`) VALUES ('哈哈') [ RunTime:0.0008s ]
SQL: SELECT * FROM `class` WHERE `class_id` = 42  [ RunTime:0.0005s ]

[ 2020-05-01T16:10:21+08:00 ] ::1 /tp/index.php/Admin/Crud/addclass
INFO: [ app_begin ] --START--
INFO: Run Behavior\ReadHtmlCacheBehavior [ RunTime:0.001190s ]
INFO: [ app_begin ] --END-- [ RunTime:0.001817s ]
SQL: SHOW COLUMNS FROM `class` [ RunTime:0.0009s ]
SQL: INSERT INTO `class` (`class_name`) VALUES ('哈哈') [ RunTime:0.0007s ]
SQL: SELECT * FROM `class` WHERE `class_id` = 43  [ RunTime:0.0004s ]

[ 2020-05-01T16:10:32+08:00 ] ::1 /tp/index.php/Admin/Crud/addclass
INFO: [ app_begin ] --START--
INFO: Run Behavior\ReadHtmlCacheBehavior [ RunTime:0.001072s ]
INFO: [ app_begin ] --END-- [ RunTime:0.001601s ]
SQL: SHOW COLUMNS FROM `class` [ RunTime:0.0011s ]
SQL: INSERT INTO `class` (`class_name`) VALUES ('哈哈') [ RunTime:0.0007s ]
SQL: SELECT * FROM `class` WHERE `class_id` = 44  [ RunTime:0.0004s ]

[ 2020-05-01T16:15:20+08:00 ] ::1 /tp/index.php/Admin/Crud/addclass
INFO: [ app_begin ] --START--
INFO: Run Behavior\ReadHtmlCacheBehavior [ RunTime:0.000853s ]
INFO: [ app_begin ] --END-- [ RunTime:0.001352s ]
SQL: SHOW COLUMNS FROM `class` [ RunTime:0.0008s ]
SQL: INSERT INTO `class` (`class_name`) VALUES ('泥巴') [ RunTime:0.0007s ]
SQL: SELECT * FROM `class` WHERE `class_id` = 45  [ RunTime:0.0003s ]

[ 2020-05-01T16:16:05+08:00 ] ::1 /tp/index.php/Admin/Crud/addclass
INFO: [ app_begin ] --START--
INFO: Run Behavior\ReadHtmlCacheBehavior [ RunTime:0.000826s ]
INFO: [ app_begin ] --END-- [ RunTime:0.001345s ]
SQL: SHOW COLUMNS FROM `class` [ RunTime:0.0007s ]
SQL: INSERT INTO `class` (`class_name`) VALUES ('泥巴') [ RunTime:0.0007s ]
SQL: SELECT * FROM `class` WHERE `class_id` = 46  [ RunTime:0.0004s ]

[ 2020-05-01T16:21:24+08:00 ] ::1 /tp/index.php/Admin/Crud/addclass
INFO: [ app_begin ] --START--
INFO: Run Behavior\ReadHtmlCacheBehavior [ RunTime:0.000712s ]
INFO: [ app_begin ] --END-- [ RunTime:0.001092s ]
SQL: SHOW COLUMNS FROM `class` [ RunTime:0.0008s ]
SQL: INSERT INTO `class` (`class_name`) VALUES ('游戏') [ RunTime:0.0007s ]
SQL: SELECT * FROM `class`  [ RunTime:0.0003s ]

[ 2020-05-01T16:21:54+08:00 ] ::1 /tp/index.php/Admin/Crud/addclass
INFO: [ app_begin ] --START--
INFO: Run Behavior\ReadHtmlCacheBehavior [ RunTime:0.000799s ]
INFO: [ app_begin ] --END-- [ RunTime:0.001339s ]
SQL: SHOW COLUMNS FROM `class` [ RunTime:0.0007s ]
SQL: INSERT INTO `class` (`class_name`) VALUES ('计算机') [ RunTime:0.0008s ]
SQL: SELECT * FROM `class`  [ RunTime:0.0005s ]

[ 2020-05-01T16:22:20+08:00 ] ::1 /tp/index.php/Admin/Crud/addclass
INFO: [ app_begin ] --START--
INFO: Run Behavior\ReadHtmlCacheBehavior [ RunTime:0.000680s ]
INFO: [ app_begin ] --END-- [ RunTime:0.001139s ]
SQL: SHOW COLUMNS FROM `class` [ RunTime:0.0008s ]
SQL: INSERT INTO `class` (`class_name`) VALUES ('哈哈') [ RunTime:0.0007s ]
SQL: SELECT * FROM `class`  [ RunTime:0.0003s ]

[ 2020-05-01T16:30:08+08:00 ] ::1 /tp/index.php/Admin/Crud/addclass
INFO: [ app_begin ] --START--
INFO: Run Behavior\ReadHtmlCacheBehavior [ RunTime:0.000936s ]
INFO: [ app_begin ] --END-- [ RunTime:0.001469s ]
SQL: SHOW COLUMNS FROM `class` [ RunTime:0.0007s ]
SQL: INSERT INTO `class` (`class_name`) VALUES ('手机') [ RunTime:0.0007s ]
SQL: SELECT * FROM `class`  [ RunTime:0.0003s ]

[ 2020-05-01T16:56:16+08:00 ] ::1 /tp/index.php/Admin/Crud/delclass
INFO: [ app_begin ] --START--
INFO: Run Behavior\ReadHtmlCacheBehavior [ RunTime:0.001198s ]
INFO: [ app_begin ] --END-- [ RunTime:0.001706s ]
SQL: SHOW COLUMNS FROM `user` [ RunTime:0.0007s ]
SQL: SHOW COLUMNS FROM `class` [ RunTime:0.0018s ]
SQL: SELECT `power` FROM `user` WHERE `USERNAME` = '1019058432' LIMIT 1   [ RunTime:0.0003s ]
SQL: DELETE FROM `class` WHERE `class_id` = 48 [ RunTime:0.0003s ]
SQL: SELECT * FROM `class`  [ RunTime:0.0004s ]
INFO: [ app_end ] --START--
INFO: Run Behavior\ShowPageTraceBehavior [ RunTime:0.001132s ]
INFO: [ app_end ] --END-- [ RunTime:0.001194s ]

[ 2020-05-01T17:08:12+08:00 ] ::1 /tp/index.php/Admin/Crud/delclass
INFO: [ app_begin ] --START--
INFO: Run Behavior\ReadHtmlCacheBehavior [ RunTime:0.000899s ]
INFO: [ app_begin ] --END-- [ RunTime:0.001426s ]
SQL: SHOW COLUMNS FROM `user` [ RunTime:0.0007s ]
SQL: SHOW COLUMNS FROM `class` [ RunTime:0.0006s ]
SQL: SHOW COLUMNS FROM `wares` [ RunTime:0.0007s ]
SQL: SELECT `power` FROM `user` WHERE `USERNAME` = '1019058432' LIMIT 1   [ RunTime:0.0003s ]
SQL: DELETE FROM `class` WHERE `class_id` = 50 [ RunTime:0.0003s ]
SQL: SELECT * FROM `wares` LIMIT 1   [ RunTime:0.0003s ]
SQL: SELECT * FROM `class`  [ RunTime:0.0002s ]
INFO: [ app_end ] --START--
INFO: Run Behavior\ShowPageTraceBehavior [ RunTime:0.001343s ]
INFO: [ app_end ] --END-- [ RunTime:0.001391s ]

[ 2020-05-01T17:11:19+08:00 ] ::1 /tp/index.php/Admin/Crud/addclass
INFO: [ app_begin ] --START--
INFO: Run Behavior\ReadHtmlCacheBehavior [ RunTime:0.000986s ]
INFO: [ app_begin ] --END-- [ RunTime:0.001479s ]
SQL: SHOW COLUMNS FROM `user` [ RunTime:0.0008s ]
SQL: SHOW COLUMNS FROM `class` [ RunTime:0.0007s ]
SQL: SELECT `power` FROM `user` WHERE `USERNAME` = '1019058432' LIMIT 1   [ RunTime:0.0003s ]
SQL: INSERT INTO `class` (`class_name`) VALUES ('手机') [ RunTime:0.0006s ]
SQL: SELECT * FROM `class`  [ RunTime:0.0004s ]
INFO: [ app_end ] --START--
INFO: Run Behavior\ShowPageTraceBehavior [ RunTime:0.001237s ]
INFO: [ app_end ] --END-- [ RunTime:0.001284s ]

[ 2020-05-01T17:11:24+08:00 ] ::1 /tp/index.php/Admin/Crud/delclass
INFO: [ app_begin ] --START--
INFO: Run Behavior\ReadHtmlCacheBehavior [ RunTime:0.001127s ]
INFO: [ app_begin ] --END-- [ RunTime:0.001677s ]
SQL: SHOW COLUMNS FROM `user` [ RunTime:0.0007s ]
SQL: SHOW COLUMNS FROM `class` [ RunTime:0.0006s ]
SQL: SHOW COLUMNS FROM `wares` [ RunTime:0.0008s ]
SQL: SELECT `power` FROM `user` WHERE `USERNAME` = '1019058432' LIMIT 1   [ RunTime:0.0003s ]
SQL: DELETE FROM `class` WHERE `class_id` = 0 [ RunTime:0.0003s ]
SQL: SELECT * FROM `wares` LIMIT 1   [ RunTime:0.0003s ]
SQL: SELECT * FROM `class`  [ RunTime:0.0002s ]
NOTIC: [2] strtoupper() expects parameter 1 to be string, array given E:\PHP\Apache\Apache24\htdocs\tp\ThinkPHP\Library\Think\Controller.class.php 第 212 行.
INFO: [ app_end ] --START--
INFO: Run Behavior\ShowPageTraceBehavior [ RunTime:0.001294s ]
INFO: [ app_end ] --END-- [ RunTime:0.001336s ]

[ 2020-05-01T17:12:45+08:00 ] ::1 /tp/index.php/Admin/Crud/addclass
INFO: [ app_begin ] --START--
INFO: Run Behavior\ReadHtmlCacheBehavior [ RunTime:0.000807s ]
INFO: [ app_begin ] --END-- [ RunTime:0.001456s ]
SQL: SHOW COLUMNS FROM `user` [ RunTime:0.0008s ]
SQL: SHOW COLUMNS FROM `class` [ RunTime:0.0007s ]
SQL: SELECT `power` FROM `user` WHERE `USERNAME` = '1019058432' LIMIT 1   [ RunTime:0.0003s ]
SQL: INSERT INTO `class` (`class_name`) VALUES ('哈哈') [ RunTime:0.0006s ]
SQL: SELECT * FROM `class`  [ RunTime:0.0003s ]
INFO: [ app_end ] --START--
INFO: Run Behavior\ShowPageTraceBehavior [ RunTime:0.001005s ]
INFO: [ app_end ] --END-- [ RunTime:0.001048s ]

[ 2020-05-01T17:15:01+08:00 ] ::1 /tp/index.php/Admin/Crud/addclass
INFO: [ app_begin ] --START--
INFO: Run Behavior\ReadHtmlCacheBehavior [ RunTime:0.000790s ]
INFO: [ app_begin ] --END-- [ RunTime:0.001231s ]
SQL: SHOW COLUMNS FROM `user` [ RunTime:0.0007s ]
SQL: SHOW COLUMNS FROM `class` [ RunTime:0.0006s ]
SQL: SELECT `power` FROM `user` WHERE `USERNAME` = '1019058432' LIMIT 1   [ RunTime:0.0003s ]
SQL: INSERT INTO `class` (`class_name`) VALUES ('呵呵') [ RunTime:0.0008s ]
SQL: SELECT * FROM `class`  [ RunTime:0.0003s ]

[ 2020-05-01T17:16:17+08:00 ] ::1 /tp/index.php/Admin/Crud/addclass
INFO: [ app_begin ] --START--
INFO: Run Behavior\ReadHtmlCacheBehavior [ RunTime:0.002713s ]
INFO: [ app_begin ] --END-- [ RunTime:0.003978s ]
SQL: SHOW COLUMNS FROM `user` [ RunTime:0.0014s ]
SQL: SHOW COLUMNS FROM `class` [ RunTime:0.0011s ]
SQL: SELECT `power` FROM `user` WHERE `USERNAME` = '1019058432' LIMIT 1   [ RunTime:0.0004s ]
SQL: INSERT INTO `class` (`class_name`) VALUES ('手机') [ RunTime:0.0007s ]
SQL: SELECT * FROM `class`  [ RunTime:0.0004s ]

[ 2020-05-01T17:16:27+08:00 ] ::1 /tp/index.php/Admin/Crud/delclass
INFO: [ app_begin ] --START--
INFO: Run Behavior\ReadHtmlCacheBehavior [ RunTime:0.001353s ]
INFO: [ app_begin ] --END-- [ RunTime:0.002099s ]
SQL: SHOW COLUMNS FROM `user` [ RunTime:0.0007s ]
SQL: SHOW COLUMNS FROM `class` [ RunTime:0.0008s ]
SQL: SHOW COLUMNS FROM `wares` [ RunTime:0.0007s ]
SQL: SELECT `power` FROM `user` WHERE `USERNAME` = '1019058432' LIMIT 1   [ RunTime:0.0003s ]
SQL: DELETE FROM `class` WHERE `class_id` = 54 [ RunTime:0.0003s ]
SQL: SELECT * FROM `class`  [ RunTime:0.0003s ]

[ 2020-05-01T17:22:04+08:00 ] ::1 /tp/index.php/Admin/Crud/addclass
INFO: [ app_begin ] --START--
INFO: Run Behavior\ReadHtmlCacheBehavior [ RunTime:0.000862s ]
INFO: [ app_begin ] --END-- [ RunTime:0.001347s ]
SQL: SHOW COLUMNS FROM `user` [ RunTime:0.0008s ]
SQL: SHOW COLUMNS FROM `class` [ RunTime:0.0009s ]
SQL: SELECT `power` FROM `user` WHERE `USERNAME` = '1019058432' LIMIT 1   [ RunTime:0.0003s ]
SQL: INSERT INTO `class` (`class_name`) VALUES ('手机') [ RunTime:0.0007s ]
SQL: SELECT * FROM `class`  [ RunTime:0.0003s ]

[ 2020-05-01T17:22:33+08:00 ] ::1 /tp/index.php/Admin/Crud/delclass
INFO: [ app_begin ] --START--
INFO: Run Behavior\ReadHtmlCacheBehavior [ RunTime:0.001102s ]
INFO: [ app_begin ] --END-- [ RunTime:0.001758s ]
SQL: SHOW COLUMNS FROM `user` [ RunTime:0.0007s ]
SQL: SHOW COLUMNS FROM `class` [ RunTime:0.0007s ]
SQL: SHOW COLUMNS FROM `wares` [ RunTime:0.0008s ]
SQL: SELECT `power` FROM `user` WHERE `USERNAME` = '1019058432' LIMIT 1   [ RunTime:0.0003s ]
SQL: DELETE FROM `class` WHERE `class_id` = 55 [ RunTime:0.0003s ]
SQL: SELECT * FROM `class`  [ RunTime:0.0002s ]

[ 2020-05-01T17:30:24+08:00 ] ::1 /tp/index.php/Admin/Crud/addclass
INFO: [ app_begin ] --START--
INFO: Run Behavior\ReadHtmlCacheBehavior [ RunTime:0.001135s ]
INFO: [ app_begin ] --END-- [ RunTime:0.001638s ]
SQL: SHOW COLUMNS FROM `user` [ RunTime:0.0008s ]
SQL: SHOW COLUMNS FROM `class` [ RunTime:0.0006s ]
SQL: SELECT `power` FROM `user` WHERE `USERNAME` = '1019058432' LIMIT 1   [ RunTime:0.0003s ]
SQL: INSERT INTO `class` (`class_name`) VALUES ('手机') [ RunTime:0.0007s ]
SQL: SELECT * FROM `class`  [ RunTime:0.0003s ]

[ 2020-05-01T17:30:34+08:00 ] ::1 /tp/index.php/Admin/Crud/delclass
INFO: [ app_begin ] --START--
INFO: Run Behavior\ReadHtmlCacheBehavior [ RunTime:0.000971s ]
INFO: [ app_begin ] --END-- [ RunTime:0.001534s ]
SQL: SHOW COLUMNS FROM `user` [ RunTime:0.0007s ]
SQL: SHOW COLUMNS FROM `class` [ RunTime:0.0007s ]
SQL: SHOW COLUMNS FROM `wares` [ RunTime:0.0010s ]
SQL: SELECT `power` FROM `user` WHERE `USERNAME` = '1019058432' LIMIT 1   [ RunTime:0.0003s ]
SQL: DELETE FROM `class` WHERE `class_id` = 56 [ RunTime:0.0004s ]
SQL: SELECT * FROM `class`  [ RunTime:0.0003s ]

[ 2020-05-01T18:43:35+08:00 ] ::1 /tp/index.php/Admin/Wares/unpaid.html
ERR: 1052:Column 'u_id' in where clause is ambiguous
 [ SQL语句 ] : SELECT unpaid.p_number,unpaid.p_count,unpaid.into_time,user.username,wares.w_price FROM `unpaid` INNER JOIN user on unpaid.u_id =user.u_id INNER JOIN wares on unpaid.w_id=wares.w_id  WHERE `u_id` = 0 LIMIT 0,5  

[ 2020-05-01T18:50:02+08:00 ] ::1 /tp/index.php/Admin/Wares/unpaid.html
ERR: 1052:Column 'u_id' in where clause is ambiguous
 [ SQL语句 ] : SELECT unpaid.p_number,unpaid.p_count,unpaid.into_time,user.username,wares.w_price FROM `unpaid` INNER JOIN user on unpaid.u_id =user.u_id INNER JOIN wares on unpaid.w_id=wares.w_id  WHERE `u_id` = 0 LIMIT 0,5  

[ 2020-05-01T18:50:02+08:00 ] ::1 /tp/index.php/Admin/Wares/unpaid.html
ERR: 1052:Column 'u_id' in where clause is ambiguous
 [ SQL语句 ] : SELECT unpaid.p_number,unpaid.p_count,unpaid.into_time,user.username,wares.w_price FROM `unpaid` INNER JOIN user on unpaid.u_id =user.u_id INNER JOIN wares on unpaid.w_id=wares.w_id  WHERE `u_id` = 0 LIMIT 0,5  

[ 2020-05-01T18:50:02+08:00 ] ::1 /tp/index.php/Admin/Wares/unpaid.html
ERR: 1052:Column 'u_id' in where clause is ambiguous
 [ SQL语句 ] : SELECT unpaid.p_number,unpaid.p_count,unpaid.into_time,user.username,wares.w_price FROM `unpaid` INNER JOIN user on unpaid.u_id =user.u_id INNER JOIN wares on unpaid.w_id=wares.w_id  WHERE `u_id` = 0 LIMIT 0,5  

[ 2020-05-01T19:02:32+08:00 ] ::1 /tp/index.php/Admin/Wares/unpaid.html
ERR: 1052:Column 'u_id' in where clause is ambiguous
 [ SQL语句 ] : SELECT unpaid.p_number,unpaid.p_count,unpaid.into_time,user.username,wares.w_price FROM `unpaid` INNER JOIN user on unpaid.u_id =user.u_id INNER JOIN wares on unpaid.w_id=wares.w_id  WHERE `u_id` = 0 LIMIT 0,5  

[ 2020-05-01T19:05:41+08:00 ] ::1 /tp/index.php/Admin/Wares/unpaid.html
ERR: 1052:Column 'u_id' in where clause is ambiguous
 [ SQL语句 ] : SELECT unpaid.p_number,unpaid.p_count,unpaid.into_time,user.username,wares.w_price FROM `unpaid` INNER JOIN user on unpaid.u_id =user.u_id INNER JOIN wares on unpaid.w_id=wares.w_id  WHERE `u_id` = '22' LIMIT 0,5  

[ 2020-05-01T19:06:06+08:00 ] ::1 /tp/index.php/Admin/Wares/unpaid.html
ERR: 1052:Column 'u_id' in where clause is ambiguous
 [ SQL语句 ] : SELECT unpaid.p_number,unpaid.p_count,unpaid.into_time,user.username,wares.w_price FROM `unpaid` INNER JOIN user on unpaid.u_id =user.u_id INNER JOIN wares on unpaid.w_id=wares.w_id  WHERE `u_id` = '22' LIMIT 0,5  

[ 2020-05-01T19:09:08+08:00 ] ::1 /tp/index.php/Admin/Wares/unpaid.html
ERR: 1052:Column 'u_id' in where clause is ambiguous
 [ SQL语句 ] : SELECT unpaid.up_id,unpaid.p_number,unpaid.p_count,unpaid.into_time,user.username,wares.w_price FROM `unpaid` INNER JOIN user on unpaid.u_id =user.u_id INNER JOIN wares on unpaid.w_id=wares.w_id  WHERE `u_id` = '22' LIMIT 0,5  

[ 2020-05-01T19:09:08+08:00 ] ::1 /tp/index.php/Admin/Wares/unpaid.html
ERR: 1052:Column 'u_id' in where clause is ambiguous
 [ SQL语句 ] : SELECT unpaid.up_id,unpaid.p_number,unpaid.p_count,unpaid.into_time,user.username,wares.w_price FROM `unpaid` INNER JOIN user on unpaid.u_id =user.u_id INNER JOIN wares on unpaid.w_id=wares.w_id  WHERE `u_id` = '22' LIMIT 0,5  

[ 2020-05-01T19:09:08+08:00 ] ::1 /tp/index.php/Admin/Wares/unpaid.html
ERR: 1052:Column 'u_id' in where clause is ambiguous
 [ SQL语句 ] : SELECT unpaid.up_id,unpaid.p_number,unpaid.p_count,unpaid.into_time,user.username,wares.w_price FROM `unpaid` INNER JOIN user on unpaid.u_id =user.u_id INNER JOIN wares on unpaid.w_id=wares.w_id  WHERE `u_id` = '22' LIMIT 0,5  

[ 2020-05-01T19:09:09+08:00 ] ::1 /tp/index.php/Admin/Wares/unpaid.html
ERR: 1052:Column 'u_id' in where clause is ambiguous
 [ SQL语句 ] : SELECT unpaid.up_id,unpaid.p_number,unpaid.p_count,unpaid.into_time,user.username,wares.w_price FROM `unpaid` INNER JOIN user on unpaid.u_id =user.u_id INNER JOIN wares on unpaid.w_id=wares.w_id  WHERE `u_id` = '22' LIMIT 0,5  

[ 2020-05-01T19:09:10+08:00 ] ::1 /tp/index.php/Admin/Wares/unpaid.html
ERR: 1052:Column 'u_id' in where clause is ambiguous
 [ SQL语句 ] : SELECT unpaid.up_id,unpaid.p_number,unpaid.p_count,unpaid.into_time,user.username,wares.w_price FROM `unpaid` INNER JOIN user on unpaid.u_id =user.u_id INNER JOIN wares on unpaid.w_id=wares.w_id  WHERE `u_id` = '22' LIMIT 0,5  

[ 2020-05-01T19:09:24+08:00 ] ::1 /tp/index.php/Admin/Wares/unpaid.html
ERR: 1052:Column 'u_id' in where clause is ambiguous
 [ SQL语句 ] : SELECT unpaid.up_id,unpaid.p_number,unpaid.p_count,unpaid.into_time,user.username,wares.w_price FROM `unpaid` INNER JOIN user on unpaid.u_id =user.u_id INNER JOIN wares on unpaid.w_id=wares.w_id  WHERE `u_id` = '22' LIMIT 0,5  

[ 2020-05-01T19:09:24+08:00 ] ::1 /tp/index.php/Admin/Wares/unpaid.html
ERR: 1052:Column 'u_id' in where clause is ambiguous
 [ SQL语句 ] : SELECT unpaid.up_id,unpaid.p_number,unpaid.p_count,unpaid.into_time,user.username,wares.w_price FROM `unpaid` INNER JOIN user on unpaid.u_id =user.u_id INNER JOIN wares on unpaid.w_id=wares.w_id  WHERE `u_id` = '22' LIMIT 0,5  

[ 2020-05-01T19:10:37+08:00 ] ::1 /tp/index.php/Admin/Wares/unpaid.html
ERR: 1052:Column 'u_id' in where clause is ambiguous
 [ SQL语句 ] : SELECT unpaid.up_id,unpaid.p_number,unpaid.p_count,unpaid.into_time,user.username,wares.w_price FROM `unpaid` INNER JOIN user on unpaid.u_id =user.u_id INNER JOIN wares on unpaid.w_id=wares.w_id  WHERE `u_id` = '22' LIMIT 0,5  

[ 2020-05-01T19:11:27+08:00 ] ::1 /tp/index.php/Admin/Wares/unpaid.html
ERR: 1052:Column 'u_id' in where clause is ambiguous
 [ SQL语句 ] : SELECT unpaid.up_id,unpaid.p_number,unpaid.p_count,unpaid.into_time,user.username,wares.w_price FROM `unpaid` INNER JOIN user on unpaid.u_id =user.u_id INNER JOIN wares on unpaid.w_id=wares.w_id  WHERE `u_id` = '22' LIMIT 0,5  

[ 2020-05-01T19:11:27+08:00 ] ::1 /tp/index.php/Admin/Wares/unpaid.html
ERR: 1052:Column 'u_id' in where clause is ambiguous
 [ SQL语句 ] : SELECT unpaid.up_id,unpaid.p_number,unpaid.p_count,unpaid.into_time,user.username,wares.w_price FROM `unpaid` INNER JOIN user on unpaid.u_id =user.u_id INNER JOIN wares on unpaid.w_id=wares.w_id  WHERE `u_id` = '22' LIMIT 0,5  

[ 2020-05-01T19:22:20+08:00 ] ::1 /tp/index.php/Admin/Wares/None
ERR: 非法操作:None

[ 2020-05-01T20:59:10+08:00 ] ::1 /tp/index.php/Admin/Crud/shell/class_id/2.html
ERR: 非法操作:shell

[ 2020-05-01T20:59:38+08:00 ] ::1 /tp/index.php/Admin/Crud/shell/class_id/2.html
ERR: 非法操作:shell

[ 2020-05-01T21:37:45+08:00 ] ::1 /tp/index.php/Admin/Crud/shell/class_id/2.html
ERR: 非法操作:shell

[ 2020-05-01T22:08:51+08:00 ] ::1 /tp/index.php/Admin/Crud/shell/class_id/2.html
ERR: 非法操作:shell

[ 2020-05-01T22:13:52+08:00 ] ::1 /tp/index.php/Admin/Wares/None
ERR: 非法操作:None

