[ 2020-05-23T13:29:46+08:00 ] ::1 /tp/index.php/Admin/Wares/None
ERR: 非法操作:None

[ 2020-05-23T13:30:15+08:00 ] ::1 /tp/index.php/Admin/Wares/None
ERR: 非法操作:None

[ 2020-05-23T16:02:52+08:00 ] ::1 /tp/index.php/Admin/Wares/Admin/Index/index
ERR: 非法操作:Admin

[ 2020-05-23T16:02:59+08:00 ] ::1 /tp/index.php/Admin/Wares/Admin/Index/index
ERR: 非法操作:Admin

[ 2020-05-23T16:03:31+08:00 ] ::1 /tp/index.php/Admin/Wares/Admin/Index/index
ERR: 非法操作:Admin

[ 2020-05-23T20:56:49+08:00 ] ::1 /tp/index.php/Admin/Wares/Admin/Wares/paid
ERR: 非法操作:Admin

[ 2020-05-23T20:56:54+08:00 ] ::1 /tp/index.php/Admin/Wares/Admin/Wares/shell?class_id=2
ERR: 非法操作:Admin

[ 2020-05-23T20:57:01+08:00 ] ::1 /tp/index.php/Admin/Wares/Admin/Wares/shell?class_id=2
ERR: 非法操作:Admin

[ 2020-05-23T21:00:00+08:00 ] ::1 /tp/index.php/Admin/Wares/Admin/Wares/paid
ERR: 非法操作:Admin

[ 2020-05-23T21:00:00+08:00 ] ::1 /tp/index.php/Admin/Wares/Admin/Wares/paid
ERR: 非法操作:Admin

[ 2020-05-23T21:07:56+08:00 ] ::1 /tp/index.php/Admin/Wares/Admin/Wares/top
ERR: 非法操作:Admin

[ 2020-05-23T21:27:59+08:00 ] ::1 /tp/index.php/Admin/Wares/None
ERR: 非法操作:None

