[ 2020-05-07T10:29:07+08:00 ] ::1 /tp/index.php/Admin/Wares/mixtopaid?mixid=,1=2=25,7=2=24
ERR: 模板不存在:./Application/Admin/View/Wares/mixtopaid.html

[ 2020-05-07T10:34:12+08:00 ] ::1 /tp/index.php/Admin/Wares/mixtopaid?mixid=,1=2=25,7=2=24
ERR: 模板不存在:./Application/Admin/View/Wares/mixtopaid.html

[ 2020-05-07T10:34:12+08:00 ] ::1 /tp/index.php/Admin/Wares/mixtopaid?mixid=,1=2=25,7=2=24
ERR: 模板不存在:./Application/Admin/View/Wares/mixtopaid.html

[ 2020-05-07T10:34:13+08:00 ] ::1 /tp/index.php/Admin/Wares/mixtopaid?mixid=,1=2=25,7=2=24
ERR: 模板不存在:./Application/Admin/View/Wares/mixtopaid.html

[ 2020-05-07T10:34:14+08:00 ] ::1 /tp/index.php/Admin/Wares/mixtopaid?mixid=,1=2=25,7=2=24
ERR: 模板不存在:./Application/Admin/View/Wares/mixtopaid.html

[ 2020-05-07T10:35:09+08:00 ] ::1 /tp/index.php/Admin/Wares/mixtopaid?mixid=,1=2=25,7=2=24
ERR: 模板不存在:./Application/Admin/View/Wares/mixtopaid.html

[ 2020-05-07T10:35:09+08:00 ] ::1 /tp/index.php/Admin/Wares/mixtopaid?mixid=,1=2=25,7=2=24
ERR: 模板不存在:./Application/Admin/View/Wares/mixtopaid.html

[ 2020-05-07T10:35:41+08:00 ] ::1 /tp/index.php/Admin/Wares/mixtopaid?mixid=,1=2=25,7=2=24
ERR: 模板不存在:./Application/Admin/View/Wares/mixtopaid.html

[ 2020-05-07T10:35:41+08:00 ] ::1 /tp/index.php/Admin/Wares/mixtopaid?mixid=,1=2=25,7=2=24
ERR: 模板不存在:./Application/Admin/View/Wares/mixtopaid.html

[ 2020-05-07T10:36:20+08:00 ] ::1 /tp/index.php/Admin/Wares/mixtopaid?mixid=,1=2=25,7=2=24
ERR: 模板不存在:./Application/Admin/View/Wares/mixtopaid.html

[ 2020-05-07T10:36:20+08:00 ] ::1 /tp/index.php/Admin/Wares/mixtopaid?mixid=,1=2=25,7=2=24
ERR: 模板不存在:./Application/Admin/View/Wares/mixtopaid.html

[ 2020-05-07T10:36:21+08:00 ] ::1 /tp/index.php/Admin/Wares/mixtopaid?mixid=,1=2=25,7=2=24
ERR: 模板不存在:./Application/Admin/View/Wares/mixtopaid.html

[ 2020-05-07T10:36:21+08:00 ] ::1 /tp/index.php/Admin/Wares/mixtopaid?mixid=,1=2=25,7=2=24
ERR: 模板不存在:./Application/Admin/View/Wares/mixtopaid.html

[ 2020-05-07T10:36:21+08:00 ] ::1 /tp/index.php/Admin/Wares/mixtopaid?mixid=,1=2=25,7=2=24
ERR: 模板不存在:./Application/Admin/View/Wares/mixtopaid.html

[ 2020-05-07T10:36:53+08:00 ] ::1 /tp/index.php/Admin/Wares/mixtopaid?mixid=,1=2=25,7=2=24
ERR: 模板不存在:./Application/Admin/View/Wares/mixtopaid.html

[ 2020-05-07T10:36:53+08:00 ] ::1 /tp/index.php/Admin/Wares/mixtopaid?mixid=,1=2=25,7=2=24
ERR: 模板不存在:./Application/Admin/View/Wares/mixtopaid.html

[ 2020-05-07T10:39:02+08:00 ] ::1 /tp/index.php/Admin/Wares/mixtopaid?mixid=,1=2=25,7=2=24
ERR: 模板不存在:./Application/Admin/View/Wares/mixtopaid.html

[ 2020-05-07T10:39:02+08:00 ] ::1 /tp/index.php/Admin/Wares/mixtopaid?mixid=,1=2=25,7=2=24
ERR: 模板不存在:./Application/Admin/View/Wares/mixtopaid.html

[ 2020-05-07T10:39:19+08:00 ] ::1 /tp/index.php/Admin/Wares/mixtopaid?mixid=,1=2=25,7=2=24
ERR: 模板不存在:./Application/Admin/View/Wares/mixtopaid.html

[ 2020-05-07T10:39:51+08:00 ] ::1 /tp/index.php/Admin/Wares/mixtopaid?mixid=,1=2=25,7=2=24
ERR: 模板不存在:./Application/Admin/View/Wares/mixtopaid.html

[ 2020-05-07T10:39:51+08:00 ] ::1 /tp/index.php/Admin/Wares/mixtopaid?mixid=,1=2=25,7=2=24
ERR: 模板不存在:./Application/Admin/View/Wares/mixtopaid.html

[ 2020-05-07T10:40:31+08:00 ] ::1 /tp/index.php/Admin/Wares/mixtopaid?mixid=,1=2=25,7=2=24
ERR: 模板不存在:./Application/Admin/View/Wares/mixtopaid.html

[ 2020-05-07T10:40:31+08:00 ] ::1 /tp/index.php/Admin/Wares/mixtopaid?mixid=,1=2=25,7=2=24
ERR: 模板不存在:./Application/Admin/View/Wares/mixtopaid.html

[ 2020-05-07T10:43:54+08:00 ] ::1 /tp/index.php/Admin/Wares/mixtopaid?mixid=,1=2=25,7=2=24
ERR: 模板不存在:./Application/Admin/View/Wares/mixtopaid.html

[ 2020-05-07T10:43:54+08:00 ] ::1 /tp/index.php/Admin/Wares/mixtopaid?mixid=,1=2=25,7=2=24
ERR: 模板不存在:./Application/Admin/View/Wares/mixtopaid.html

[ 2020-05-07T10:44:24+08:00 ] ::1 /tp/index.php/Admin/Wares/mixtopaid?mixid=,1=2=25,7=2=24
ERR: 模板不存在:./Application/Admin/View/Wares/mixtopaid.html

[ 2020-05-07T10:44:24+08:00 ] ::1 /tp/index.php/Admin/Wares/mixtopaid?mixid=,1=2=25,7=2=24
ERR: 模板不存在:./Application/Admin/View/Wares/mixtopaid.html

[ 2020-05-07T10:48:06+08:00 ] ::1 /tp/index.php/Admin/Wares/mixtopaid?mixid=,7=2=24,1=2=25
ERR: 模板不存在:./Application/Admin/View/Wares/mixtopaid.html

[ 2020-05-07T12:09:35+08:00 ] ::1 /tp/index.php/Admin/Crud/addclass
INFO: [ app_begin ] --START--
INFO: Run Behavior\ReadHtmlCacheBehavior [ RunTime:0.001262s ]
INFO: [ app_begin ] --END-- [ RunTime:0.001804s ]
SQL: SHOW COLUMNS FROM `user` [ RunTime:0.0010s ]
SQL: SHOW COLUMNS FROM `class` [ RunTime:0.0009s ]
SQL: SELECT `power` FROM `user` WHERE `USERNAME` = '1019058432' LIMIT 1   [ RunTime:0.0004s ]
SQL: INSERT INTO `class` (`class_name`) VALUES ('电子设备') [ RunTime:0.0007s ]
SQL: SELECT * FROM `class`  [ RunTime:0.0003s ]

