[ 2020-05-21T15:06:58+08:00 ] ::1 /tp/index.php/Admin/Crud/None
ERR: 非法操作:None

[ 2020-05-21T15:07:01+08:00 ] ::1 /tp/index.php/Admin/Crud/None
ERR: 非法操作:None

[ 2020-05-21T15:07:08+08:00 ] ::1 /tp/index.php/Admin/Crud/None
ERR: 非法操作:None

[ 2020-05-21T15:07:15+08:00 ] ::1 /tp/index.php/Admin/Crud/None
ERR: 非法操作:None

[ 2020-05-21T15:07:28+08:00 ] ::1 /tp/index.php/Admin/Crud/None
ERR: 非法操作:None

[ 2020-05-21T15:07:32+08:00 ] ::1 /tp/index.php/Admin/Crud/None
ERR: 非法操作:None

[ 2020-05-21T15:07:35+08:00 ] ::1 /tp/index.php/Admin/Crud/None
ERR: 非法操作:None

[ 2020-05-21T15:07:37+08:00 ] ::1 /tp/index.php/Admin/Crud/None
ERR: 非法操作:None

[ 2020-05-21T15:07:40+08:00 ] ::1 /tp/index.php/Admin/Crud/None
ERR: 非法操作:None

[ 2020-05-21T15:07:43+08:00 ] ::1 /tp/index.php/Admin/Crud/None
ERR: 非法操作:None

[ 2020-05-21T15:15:27+08:00 ] ::1 /tp/index.php/Admin/Crud/shellUp/p/None
ERR: 1064:You have an error in your SQL syntax; check the manual that corresponds to your MySQL server version for the right syntax to use near '-10,10' at line 1
 [ SQL语句 ] : SELECT * FROM `wares` WHERE `s_id`  is null  AND `t_id`  is null LIMIT -10,10  

[ 2020-05-21T15:16:59+08:00 ] ::1 /tp/index.php/Admin/Crud/None
ERR: 非法操作:None

[ 2020-05-21T15:17:00+08:00 ] ::1 /tp/index.php/Admin/Crud/None
ERR: 非法操作:None

[ 2020-05-21T15:17:02+08:00 ] ::1 /tp/index.php/Admin/Crud/None
ERR: 非法操作:None

[ 2020-05-21T15:17:04+08:00 ] ::1 /tp/index.php/Admin/Crud/None
ERR: 非法操作:None

[ 2020-05-21T15:17:05+08:00 ] ::1 /tp/index.php/Admin/Crud/None
ERR: 非法操作:None

[ 2020-05-21T15:17:07+08:00 ] ::1 /tp/index.php/Admin/Crud/None
ERR: 非法操作:None

[ 2020-05-21T15:17:09+08:00 ] ::1 /tp/index.php/Admin/Crud/None
ERR: 非法操作:None

[ 2020-05-21T15:17:12+08:00 ] ::1 /tp/index.php/Admin/Crud/None
ERR: 非法操作:None

[ 2020-05-21T15:17:13+08:00 ] ::1 /tp/index.php/Admin/Crud/None
ERR: 非法操作:None

[ 2020-05-21T15:17:15+08:00 ] ::1 /tp/index.php/Admin/Crud/None
ERR: 非法操作:None

[ 2020-05-21T15:17:17+08:00 ] ::1 /tp/index.php/Admin/Crud/None
ERR: 非法操作:None

[ 2020-05-21T15:17:18+08:00 ] ::1 /tp/index.php/Admin/Crud/None
ERR: 非法操作:None

[ 2020-05-21T15:17:20+08:00 ] ::1 /tp/index.php/Admin/Crud/None
ERR: 非法操作:None

[ 2020-05-21T15:17:21+08:00 ] ::1 /tp/index.php/Admin/Crud/None
ERR: 非法操作:None

[ 2020-05-21T15:17:23+08:00 ] ::1 /tp/index.php/Admin/Crud/None
ERR: 非法操作:None

[ 2020-05-21T15:29:09+08:00 ] ::1 /tp/index.php/Admin/Crud/shellUp/p/None
ERR: 1064:You have an error in your SQL syntax; check the manual that corresponds to your MySQL server version for the right syntax to use near '-10,10' at line 1
 [ SQL语句 ] : SELECT * FROM `wares` WHERE `s_id`  is null  AND `t_id`  is null LIMIT -10,10  

[ 2020-05-21T15:29:31+08:00 ] ::1 /tp/index.php/Admin/Crud/Admin/Crud/Temp
ERR: 非法操作:Admin

[ 2020-05-21T15:29:38+08:00 ] ::1 /tp/index.php/Admin/Crud/Admin/Crud/Temp
ERR: 非法操作:Admin

[ 2020-05-21T15:30:19+08:00 ] ::1 /tp/index.php/Admin/Crud/Admin/Crud/Temp
ERR: 非法操作:Admin

[ 2020-05-21T15:30:19+08:00 ] ::1 /tp/index.php/Admin/Crud/Admin/Crud/Temp
ERR: 非法操作:Admin

[ 2020-05-21T15:31:32+08:00 ] ::1 /tp/index.php/Admin/Crud/Admin/Crud/Temp
ERR: 非法操作:Admin

[ 2020-05-21T15:31:34+08:00 ] ::1 /tp/index.php/Admin/Crud/Admin/Crud/Temp
ERR: 非法操作:Admin

[ 2020-05-21T15:31:37+08:00 ] ::1 /tp/index.php/Admin/Crud/Admin/Crud/Temp
ERR: 非法操作:Admin

