[ 2020-05-03T14:20:25+08:00 ] ::1 /tp/index.php/Users/User/user.html
ERR: 无法加载控制器:User

[ 2020-05-03T14:21:03+08:00 ] ::1 /tp/index.php/Users/User/user.html
ERR: 模板不存在:./Application/Users/View/User/user.html

[ 2020-05-03T14:21:03+08:00 ] ::1 /tp/index.php/Users/User/user.html
ERR: 模板不存在:./Application/Users/View/User/user.html

[ 2020-05-03T14:23:10+08:00 ] ::1 /tp/index.php/Users/User/user.html
ERR: 模板不存在:./Application/Users/View/User/user.html

[ 2020-05-03T14:23:10+08:00 ] ::1 /tp/index.php/Users/User/user.html
ERR: 模板不存在:./Application/Users/View/User/user.html

[ 2020-05-03T14:23:11+08:00 ] ::1 /tp/index.php/Users/User/user.html
ERR: 模板不存在:./Application/Users/View/User/user.html

[ 2020-05-03T14:23:11+08:00 ] ::1 /tp/index.php/Users/User/user.html
ERR: 模板不存在:./Application/Users/View/User/user.html

[ 2020-05-03T14:27:58+08:00 ] ::1 /tp/index.php/Users/User/user.html
ERR: 无法加载控制器:User

[ 2020-05-03T14:28:28+08:00 ] ::1 /tp/index.php/Users/User/user.html
ERR: 无法加载控制器:User

[ 2020-05-03T14:28:28+08:00 ] ::1 /tp/index.php/Users/User/user.html
ERR: 无法加载控制器:User

[ 2020-05-03T14:28:29+08:00 ] ::1 /tp/index.php/Users/User/user.html
ERR: 无法加载控制器:User

[ 2020-05-03T14:28:29+08:00 ] ::1 /tp/index.php/Users/User/user.html
ERR: 无法加载控制器:User

[ 2020-05-03T14:28:35+08:00 ] ::1 /tp/index.php/Users/User/user.html
ERR: 无法加载控制器:User

[ 2020-05-03T14:31:24+08:00 ] ::1 /tp/index.php/Users/User/user.html
ERR: 无法加载控制器:User

[ 2020-05-03T14:31:24+08:00 ] ::1 /tp/index.php/Users/User/user.html
ERR: 无法加载控制器:User

[ 2020-05-03T14:31:25+08:00 ] ::1 /tp/index.php/Users/User/user.html
ERR: 无法加载控制器:User

[ 2020-05-03T14:31:25+08:00 ] ::1 /tp/index.php/Users/User/user.html
ERR: 无法加载控制器:User

[ 2020-05-03T14:31:35+08:00 ] ::1 /tp/index.php/Users/Index
ERR: 无法加载控制器:Index

[ 2020-05-03T14:31:43+08:00 ] ::1 /tp/index.php/Users/Index/index
ERR: 无法加载控制器:Index

[ 2020-05-03T14:31:47+08:00 ] ::1 /tp/index.php/Users/Index/index
ERR: 无法加载控制器:Index

