[ 2020-05-16T12:19:21+08:00 ] ::1 /tp/index.php/Users/User/user
ERR: 无法加载控制器:User

[ 2020-05-16T12:23:28+08:00 ] ::1 /tp/index.php/Users/User/user
ERR: 无法加载控制器:User

[ 2020-05-16T12:24:24+08:00 ] ::1 /tp/index.php/Users/Users/user
ERR: 模板不存在:./Application/Users/View/Users/user.html

[ 2020-05-16T12:24:58+08:00 ] ::1 /tp/index.php/Users/User/user
ERR: 无法加载控制器:User

[ 2020-05-16T12:25:23+08:00 ] ::1 /tp/index.php/Users/User/user
ERR: 无法加载控制器:User

[ 2020-05-16T12:25:39+08:00 ] ::1 /tp/index.php/Users/User/user
ERR: 无法加载控制器:User

[ 2020-05-16T12:25:39+08:00 ] ::1 /tp/index.php/Users/User/user
ERR: 无法加载控制器:User

[ 2020-05-16T12:25:40+08:00 ] ::1 /tp/index.php/Users/User/user
ERR: 无法加载控制器:User

[ 2020-05-16T12:25:43+08:00 ] ::1 /tp/index.php/Users/User/user
ERR: 无法加载控制器:User

[ 2020-05-16T12:26:02+08:00 ] ::1 /tp/index.php/Users/User/user
ERR: 无法加载控制器:User

[ 2020-05-16T12:26:55+08:00 ] ::1 /tp/index.php/Users/User/user
ERR: 无法加载控制器:User

[ 2020-05-16T12:26:55+08:00 ] ::1 /tp/index.php/Users/User/user
ERR: 无法加载控制器:User

[ 2020-05-16T12:26:56+08:00 ] ::1 /tp/index.php/Users/User/user
ERR: 无法加载控制器:User

[ 2020-05-16T12:26:56+08:00 ] ::1 /tp/index.php/Users/User/user
ERR: 无法加载控制器:User

[ 2020-05-16T12:26:56+08:00 ] ::1 /tp/index.php/Users/User/user
ERR: 无法加载控制器:User

[ 2020-05-16T12:26:56+08:00 ] ::1 /tp/index.php/Users/User/user
ERR: 无法加载控制器:User

[ 2020-05-16T12:26:56+08:00 ] ::1 /tp/index.php/Users/User/user
ERR: 无法加载控制器:User

[ 2020-05-16T12:27:00+08:00 ] ::1 /tp/index.php/Users/User/user
ERR: 无法加载控制器:User

[ 2020-05-16T12:27:01+08:00 ] ::1 /tp/index.php/Users/User/user
ERR: 无法加载控制器:User

[ 2020-05-16T15:56:54+08:00 ] ::1 /tp/index.php/Users/Index/index.html
ERR: 无法加载控制器:Index

[ 2020-05-16T15:57:20+08:00 ] ::1 /tp/index.php/Users/Wares/paid.html
ERR: 无法加载控制器:Wares

[ 2020-05-16T16:01:55+08:00 ] ::1 /tp/index.php/Users/Wares/top.html
ERR: 无法加载控制器:Wares

[ 2020-05-16T16:06:47+08:00 ] ::1 /tp/index.php/Users/User/address
INFO: [ app_begin ] --START--
INFO: Run Behavior\ReadHtmlCacheBehavior [ RunTime:0.000462s ]
INFO: [ app_begin ] --END-- [ RunTime:0.001023s ]
SQL: SHOW COLUMNS FROM `user` [ RunTime:0.0007s ]
SQL: SELECT * FROM `user` WHERE `USERNAME` = '1019058432' LIMIT 1   [ RunTime:0.0002s ]
NOTIC: [8] Undefined index: validate E:\PHP\Apache\Apache24\htdocs\tp\ThinkPHP\Library\Think\Model.class.php 第 1185 行.
NOTIC: [8] Undefined index: auto E:\PHP\Apache\Apache24\htdocs\tp\ThinkPHP\Library\Think\Model.class.php 第 1128 行.
SQL: UPDATE `user` SET `address`='北海市萝莉大道' WHERE `u_id` = null [ RunTime:0.0003s ]

[ 2020-05-16T16:08:22+08:00 ] ::1 /tp/index.php/Users/User/address
INFO: [ app_begin ] --START--
INFO: Run Behavior\ReadHtmlCacheBehavior [ RunTime:0.002312s ]
INFO: [ app_begin ] --END-- [ RunTime:0.003160s ]
SQL: SHOW COLUMNS FROM `user` [ RunTime:0.0008s ]
SQL: SELECT * FROM `user` WHERE `USERNAME` = '1019058432' LIMIT 1   [ RunTime:0.0003s ]
NOTIC: [8] Undefined index: validate E:\PHP\Apache\Apache24\htdocs\tp\ThinkPHP\Library\Think\Model.class.php 第 1185 行.
NOTIC: [8] Undefined index: auto E:\PHP\Apache\Apache24\htdocs\tp\ThinkPHP\Library\Think\Model.class.php 第 1128 行.
SQL: UPDATE `user` SET `address`='北海市萝莉大道' WHERE `u_id` = null [ RunTime:0.0002s ]

[ 2020-05-16T16:10:48+08:00 ] ::1 /tp/index.php/Users/User/address
INFO: [ app_begin ] --START--
INFO: Run Behavior\ReadHtmlCacheBehavior [ RunTime:0.000910s ]
INFO: [ app_begin ] --END-- [ RunTime:0.001383s ]
SQL: SHOW COLUMNS FROM `user` [ RunTime:0.0012s ]
SQL: SELECT * FROM `user` WHERE `USERNAME` = '1019058432' LIMIT 1   [ RunTime:0.0003s ]
NOTIC: [8] Undefined index: validate E:\PHP\Apache\Apache24\htdocs\tp\ThinkPHP\Library\Think\Model.class.php 第 1185 行.
NOTIC: [8] Undefined index: auto E:\PHP\Apache\Apache24\htdocs\tp\ThinkPHP\Library\Think\Model.class.php 第 1128 行.
SQL: UPDATE `user` SET `address`='北海市萝莉大道' WHERE `u_id` = null [ RunTime:0.0004s ]

[ 2020-05-16T16:13:33+08:00 ] ::1 /tp/index.php/Users/User/address
INFO: [ app_begin ] --START--
INFO: Run Behavior\ReadHtmlCacheBehavior [ RunTime:0.001445s ]
INFO: [ app_begin ] --END-- [ RunTime:0.001915s ]
SQL: SHOW COLUMNS FROM `user` [ RunTime:0.0007s ]
SQL: SELECT * FROM `user` WHERE `USERNAME` = '1019058432' LIMIT 1   [ RunTime:0.0003s ]
NOTIC: [8] Undefined index: validate E:\PHP\Apache\Apache24\htdocs\tp\ThinkPHP\Library\Think\Model.class.php 第 1185 行.
NOTIC: [8] Undefined index: auto E:\PHP\Apache\Apache24\htdocs\tp\ThinkPHP\Library\Think\Model.class.php 第 1128 行.

[ 2020-05-16T16:17:11+08:00 ] ::1 /tp/index.php/Users/User/address
INFO: [ app_begin ] --START--
INFO: Run Behavior\ReadHtmlCacheBehavior [ RunTime:0.000850s ]
INFO: [ app_begin ] --END-- [ RunTime:0.001373s ]
SQL: SHOW COLUMNS FROM `user` [ RunTime:0.0007s ]
SQL: SELECT * FROM `user` WHERE `USERNAME` = '1019058432' LIMIT 1   [ RunTime:0.0004s ]
NOTIC: [8] Undefined index: validate E:\PHP\Apache\Apache24\htdocs\tp\ThinkPHP\Library\Think\Model.class.php 第 1185 行.
NOTIC: [8] Undefined index: auto E:\PHP\Apache\Apache24\htdocs\tp\ThinkPHP\Library\Think\Model.class.php 第 1128 行.

[ 2020-05-16T16:17:51+08:00 ] ::1 /tp/index.php/Users/User/address
INFO: [ app_begin ] --START--
INFO: Run Behavior\ReadHtmlCacheBehavior [ RunTime:0.000675s ]
INFO: [ app_begin ] --END-- [ RunTime:0.001107s ]
SQL: SHOW COLUMNS FROM `user` [ RunTime:0.0008s ]
SQL: SELECT * FROM `user` WHERE `USERNAME` = '1019058432' LIMIT 1   [ RunTime:0.0004s ]
NOTIC: [8] Undefined index: validate E:\PHP\Apache\Apache24\htdocs\tp\ThinkPHP\Library\Think\Model.class.php 第 1185 行.
NOTIC: [8] Undefined index: auto E:\PHP\Apache\Apache24\htdocs\tp\ThinkPHP\Library\Think\Model.class.php 第 1128 行.
SQL: UPDATE `user` SET `address`='北海市萝莉大道' WHERE `u_id` = null [ RunTime:0.0002s ]

[ 2020-05-16T16:19:44+08:00 ] ::1 /tp/index.php/Users/User/address
INFO: [ app_begin ] --START--
INFO: Run Behavior\ReadHtmlCacheBehavior [ RunTime:0.001944s ]
INFO: [ app_begin ] --END-- [ RunTime:0.002704s ]
SQL: SHOW COLUMNS FROM `user` [ RunTime:0.0008s ]
SQL: SELECT * FROM `user` WHERE `USERNAME` = '1019058432' LIMIT 1   [ RunTime:0.0004s ]
NOTIC: [8] Undefined index: validate E:\PHP\Apache\Apache24\htdocs\tp\ThinkPHP\Library\Think\Model.class.php 第 1185 行.
NOTIC: [8] Undefined index: auto E:\PHP\Apache\Apache24\htdocs\tp\ThinkPHP\Library\Think\Model.class.php 第 1128 行.
SQL: UPDATE `user` SET `address`='北海市萝莉大道' WHERE `u_id` = null [ RunTime:0.0003s ]

[ 2020-05-16T16:21:13+08:00 ] ::1 /tp/index.php/Users/User/address
INFO: [ app_begin ] --START--
INFO: Run Behavior\ReadHtmlCacheBehavior [ RunTime:0.000734s ]
INFO: [ app_begin ] --END-- [ RunTime:0.001182s ]
SQL: SHOW COLUMNS FROM `user` [ RunTime:0.0007s ]
SQL: SELECT * FROM `user` WHERE `USERNAME` = '25143078' LIMIT 1   [ RunTime:0.0003s ]
NOTIC: [8] Undefined index: validate E:\PHP\Apache\Apache24\htdocs\tp\ThinkPHP\Library\Think\Model.class.php 第 1185 行.
NOTIC: [8] Undefined index: auto E:\PHP\Apache\Apache24\htdocs\tp\ThinkPHP\Library\Think\Model.class.php 第 1128 行.
SQL: UPDATE `user` SET `address`='葫芦岛上海路不知村' WHERE `u_id` = 22 [ RunTime:0.0015s ]

[ 2020-05-16T16:22:06+08:00 ] ::1 /tp/index.php/Users/User/address
INFO: [ app_begin ] --START--
INFO: Run Behavior\ReadHtmlCacheBehavior [ RunTime:0.001587s ]
INFO: [ app_begin ] --END-- [ RunTime:0.002124s ]
SQL: SHOW COLUMNS FROM `user` [ RunTime:0.0007s ]
SQL: SELECT * FROM `user` WHERE `USERNAME` = '1019058432' LIMIT 1   [ RunTime:0.0004s ]
NOTIC: [8] Undefined index: validate E:\PHP\Apache\Apache24\htdocs\tp\ThinkPHP\Library\Think\Model.class.php 第 1185 行.
NOTIC: [8] Undefined index: auto E:\PHP\Apache\Apache24\htdocs\tp\ThinkPHP\Library\Think\Model.class.php 第 1128 行.
SQL: UPDATE `user` SET `address`='北海市萝莉大道' WHERE `u_id` = null [ RunTime:0.0002s ]

[ 2020-05-16T16:23:20+08:00 ] ::1 /tp/index.php/Users/User/address
INFO: [ app_begin ] --START--
INFO: Run Behavior\ReadHtmlCacheBehavior [ RunTime:0.000866s ]
INFO: [ app_begin ] --END-- [ RunTime:0.001321s ]
SQL: SHOW COLUMNS FROM `user` [ RunTime:0.0007s ]
SQL: SELECT * FROM `user` WHERE `USERNAME` = '1019058432' LIMIT 1   [ RunTime:0.0003s ]
NOTIC: [8] Undefined index: validate E:\PHP\Apache\Apache24\htdocs\tp\ThinkPHP\Library\Think\Model.class.php 第 1185 行.
NOTIC: [8] Undefined index: auto E:\PHP\Apache\Apache24\htdocs\tp\ThinkPHP\Library\Think\Model.class.php 第 1128 行.
SQL: UPDATE `user` SET `address`='北海市萝莉大道' WHERE `u_id` = 20 [ RunTime:0.0012s ]

[ 2020-05-16T16:24:33+08:00 ] ::1 /tp/index.php/Users/Index/login.html
ERR: 无法加载控制器:Index

[ 2020-05-16T16:26:02+08:00 ] ::1 /tp/index.php/Users/Index/login.html
ERR: 无法加载控制器:Index

